{"ts":1771576594816,"action":"FILE_OPENED","file":"/User_Drives/User_Motor/user_dji_motor.h","tags":{"FILE_LINE_OF_CODE":"82"}}
{"ts":1771576595596,"action":"PROJECT_OPENED","tags":{"PROJECT_NAME":"DJI-A-Board"}}
{"ts":1771576648677,"action":"IDE_DEACTIVATED"}
{"ts":1771576656895,"action":"IDE_ACTIVATED"}
{"ts":1771576703457,"action":"FILE_CLOSED","file":"/User_Drives/User_Motor/user_dji_motor.h","tags":{"FILE_LINE_OF_CODE":"82"}}
{"ts":1771576703457,"action":"FILE_OPENED","file":"/User_Application/swerve_chassis.h","tags":{"FILE_LINE_OF_CODE":"54"}}
{"ts":1771576704153,"action":"FILE_CLOSED","file":"/User_Application/swerve_chassis.h","tags":{"FILE_LINE_OF_CODE":"54"}}
{"ts":1771576704153,"action":"FILE_OPENED","file":"/User_Drives/user_uart.h","tags":{"FILE_LINE_OF_CODE":"48"}}
{"ts":1771576704886,"action":"FILE_CLOSED","file":"/User_Drives/user_uart.h","tags":{"FILE_LINE_OF_CODE":"48"}}
{"ts":1771576704886,"action":"FILE_OPENED","file":"/Core/Inc/bsp.h","tags":{"FILE_LINE_OF_CODE":"35"}}
{"ts":1771576706526,"action":"FILE_CLOSED","file":"/Core/Inc/bsp.h","tags":{"FILE_LINE_OF_CODE":"35"}}
{"ts":1771576706526,"action":"FILE_OPENED","file":"/User_Architect/Src/user_ring_buffe.c","tags":{"FILE_LINE_OF_CODE":"261"}}
{"ts":1771576707078,"action":"FILE_CLOSED","file":"/User_Architect/Src/user_ring_buffe.c","tags":{"FILE_LINE_OF_CODE":"261"}}
{"ts":1771576707078,"action":"FILE_OPENED","file":"/User_Application/Src/swerve_chassis.c","tags":{"FILE_LINE_OF_CODE":"239"}}
{"ts":1771576707327,"action":"FILE_CLOSED","file":"/User_Application/Src/swerve_chassis.c","tags":{"FILE_LINE_OF_CODE":"239"}}
{"ts":1771576707327,"action":"FILE_OPENED","file":"/User_Architect/Src/user_delay.c","tags":{"FILE_LINE_OF_CODE":"117"}}
{"ts":1771576707465,"action":"FILE_CLOSED","file":"/User_Architect/Src/user_delay.c","tags":{"FILE_LINE_OF_CODE":"117"}}
{"ts":1771576707465,"action":"FILE_OPENED","file":"/User_Architect/Src/user_queue.c","tags":{"FILE_LINE_OF_CODE":"126"}}
{"ts":1771576707492,"action":"FILE_CLOSED","file":"/User_Architect/Src/user_queue.c","tags":{"FILE_LINE_OF_CODE":"126"}}
{"ts":1771576711016,"action":"IDE_DEACTIVATED"}
{"ts":1771576908300,"action":"IDE_ACTIVATED"}
{"ts":1771576916559,"action":"IDE_DEACTIVATED"}
{"ts":1771576934832,"action":"IDE_ACTIVATED"}
{"ts":1771576940759,"action":"IDE_DEACTIVATED"}
{"ts":1771577268526,"action":"IDE_ACTIVATED"}
{"ts":1771577270204,"action":"FILE_OPENED","file":"/SEGGER_RTT/SEGGER_RTT_ASM_ARMv7M.S","tags":{"FILE_LINE_OF_CODE":"243"}}
{"ts":1771577278766,"action":"IDE_DEACTIVATED"}
{"ts":1771577286697,"action":"IDE_ACTIVATED"}
{"ts":1771577286906,"action":"IDE_DEACTIVATED"}
{"ts":1771577295644,"action":"IDE_ACTIVATED"}
{"ts":1771577323955,"action":"FILE_CLOSED","file":"/SEGGER_RTT/SEGGER_RTT_ASM_ARMv7M.S","tags":{"FILE_LINE_OF_CODE":"243"}}
{"ts":1771577326685,"action":"FILE_OPENED","file":"/SEGGER_RTT/SEGGER_RTT.c","tags":{"FILE_LINE_OF_CODE":"2094"}}
{"ts":1771577355413,"action":"IDE_DEACTIVATED"}
{"ts":1771577590114,"action":"IDE_ACTIVATED"}
{"ts":1771577627495,"action":"FILE_CLOSED","file":"/SEGGER_RTT/SEGGER_RTT.c","tags":{"FILE_LINE_OF_CODE":"2094"}}
{"ts":1771577628846,"action":"FILE_OPENED","file":"/SEGGER_RTT/SEGGER_RTT.h","tags":{"FILE_LINE_OF_CODE":"521"}}
{"ts":1771577642299,"action":"FILE_CLOSED","file":"/SEGGER_RTT/SEGGER_RTT.h","tags":{"FILE_LINE_OF_CODE":"521"}}
{"ts":1771577643438,"action":"FILE_OPENED","file":"/SEGGER_RTT/SEGGER_RTT_Conf.h","tags":{"FILE_LINE_OF_CODE":"441"}}
{"ts":1771577645713,"action":"FILE_CLOSED","file":"/SEGGER_RTT/SEGGER_RTT_Conf.h","tags":{"FILE_LINE_OF_CODE":"441"}}
{"ts":1771577645713,"action":"FILE_OPENED","file":"/SEGGER_RTT/SEGGER_RTT_printf.c","tags":{"FILE_LINE_OF_CODE":"523"}}
{"ts":1771577651856,"action":"FILE_CLOSED","file":"/SEGGER_RTT/SEGGER_RTT_printf.c","tags":{"FILE_LINE_OF_CODE":"523"}}
{"ts":1771577651856,"action":"FILE_OPENED","file":"/SEGGER_RTT/SEGGER_RTT_Conf.h","tags":{"FILE_LINE_OF_CODE":"441"}}
{"ts":1771577652497,"action":"FILE_CLOSED","file":"/SEGGER_RTT/SEGGER_RTT_Conf.h","tags":{"FILE_LINE_OF_CODE":"441"}}
{"ts":1771577653195,"action":"IDE_DEACTIVATED"}
{"ts":1771577657822,"action":"IDE_ACTIVATED"}
{"ts":1771577663664,"action":"FILE_OPENED","file":"/Core/Inc/main.h","tags":{"FILE_LINE_OF_CODE":"74"}}
{"ts":1771577666544,"action":"FILE_CLOSED","file":"/Core/Inc/main.h","tags":{"FILE_LINE_OF_CODE":"74"}}
{"ts":1771577666544,"action":"FILE_OPENED","file":"/Core/Src/main.c","tags":{"FILE_LINE_OF_CODE":"472"}}
{"ts":1771577693046,"action":"IDE_DEACTIVATED"}
{"ts":1771577698646,"action":"IDE_ACTIVATED"}
{"ts":1771577700513,"action":"IDE_DEACTIVATED"}
{"ts":1771577709798,"action":"IDE_ACTIVATED"}
{"ts":1771577710193,"action":"IDE_DEACTIVATED"}
{"ts":1771577902839,"action":"IDE_ACTIVATED"}
{"ts":1771577907643,"action":"IDE_DEACTIVATED"}
{"ts":1771577944500,"action":"IDE_ACTIVATED"}
{"ts":1771577945011,"action":"FILE_CLOSED","file":"/Core/Src/main.c","tags":{"FILE_LINE_OF_CODE":"473"}}
{"ts":1771577945011,"action":"FILE_OPENED","file":"/Core/Src/bsp.c","tags":{"FILE_LINE_OF_CODE":"38"}}
{"ts":1771577949153,"action":"FILE_CLOSED","file":"/Core/Src/bsp.c","tags":{"FILE_LINE_OF_CODE":"38"}}
{"ts":1771577949153,"action":"FILE_OPENED","file":"/Core/Inc/bsp.h","tags":{"FILE_LINE_OF_CODE":"35"}}
{"ts":1771577953159,"action":"FILE_CLOSED","file":"/Core/Inc/bsp.h","tags":{"FILE_LINE_OF_CODE":"35"}}
{"ts":1771577953159,"action":"FILE_OPENED","file":"/Core/Src/main.c","tags":{"FILE_LINE_OF_CODE":"473"}}
{"ts":1771577958501,"action":"FILE_CLOSED","file":"/Core/Src/main.c","tags":{"FILE_LINE_OF_CODE":"473"}}
{"ts":1771577958501,"action":"FILE_OPENED","file":"/Core/Inc/bsp.h","tags":{"FILE_LINE_OF_CODE":"35"}}
{"ts":1771577983552,"action":"IDE_DEACTIVATED"}
{"ts":1771577986314,"action":"IDE_ACTIVATED"}
{"ts":1771577986417,"action":"FILE_CLOSED","file":"/Core/Inc/bsp.h","tags":{"FILE_LINE_OF_CODE":"36"}}
{"ts":1771577986417,"action":"FILE_OPENED","file":"/Core/Src/main.c","tags":{"FILE_LINE_OF_CODE":"473"}}
{"ts":1771577997849,"action":"IDE_DEACTIVATED"}
{"ts":1771578028604,"action":"IDE_ACTIVATED"}
{"ts":1771578059815,"action":"FILE_CLOSED","file":"/Core/Src/main.c","tags":{"FILE_LINE_OF_CODE":"475"}}
{"ts":1771578059815,"action":"FILE_OPENED","file":"/SEGGER_RTT/SEGGER_RTT_printf.c","tags":{"FILE_LINE_OF_CODE":"523"}}
{"ts":1771578061270,"action":"FILE_CLOSED","file":"/SEGGER_RTT/SEGGER_RTT_printf.c","tags":{"FILE_LINE_OF_CODE":"523"}}
{"ts":1771578061270,"action":"FILE_OPENED","file":"/Core/Src/main.c","tags":{"FILE_LINE_OF_CODE":"475"}}
{"ts":1771578062574,"action":"FILE_CLOSED","file":"/Core/Src/main.c","tags":{"FILE_LINE_OF_CODE":"475"}}
{"ts":1771578062575,"action":"FILE_OPENED","file":"/SEGGER_RTT/SEGGER_RTT_printf.c","tags":{"FILE_LINE_OF_CODE":"523"}}
{"ts":1771578076930,"action":"FILE_CLOSED","file":"/SEGGER_RTT/SEGGER_RTT_printf.c","tags":{"FILE_LINE_OF_CODE":"523"}}
{"ts":1771578076930,"action":"FILE_OPENED","file":"/Core/Src/main.c","tags":{"FILE_LINE_OF_CODE":"475"}}
{"ts":1771578154861,"action":"IDE_DEACTIVATED"}
{"ts":1771578155044,"action":"IDE_ACTIVATED"}
{"ts":1771578189134,"action":"IDE_DEACTIVATED"}
{"ts":1771578189797,"action":"IDE_ACTIVATED"}
{"ts":1771578199058,"action":"IDE_DEACTIVATED"}
{"ts":1771578226138,"action":"IDE_ACTIVATED"}
{"ts":1771578239372,"action":"IDE_DEACTIVATED"}
{"ts":1771578242403,"action":"IDE_ACTIVATED"}
{"ts":1771578248717,"action":"IDE_DEACTIVATED"}
{"ts":1771578255867,"action":"IDE_ACTIVATED"}
{"ts":1771578267056,"action":"IDE_DEACTIVATED"}
{"ts":1771578394794,"action":"IDE_ACTIVATED"}
{"ts":1771578396637,"action":"IDE_DEACTIVATED"}
{"ts":1771578416442,"action":"IDE_ACTIVATED"}
{"ts":1771578418410,"action":"IDE_DEACTIVATED"}
{"ts":1771578431142,"action":"IDE_ACTIVATED"}
{"ts":1771578443266,"action":"IDE_DEACTIVATED"}
{"ts":1771578558110,"action":"IDE_ACTIVATED"}
{"ts":1771578563123,"action":"IDE_DEACTIVATED"}
{"ts":1771578605782,"action":"IDE_ACTIVATED"}
{"ts":1771578616455,"action":"IDE_DEACTIVATED"}
{"ts":1771578630900,"action":"IDE_ACTIVATED"}
{"ts":1771578674232,"action":"IDE_DEACTIVATED"}
{"ts":1771578674900,"action":"IDE_ACTIVATED"}
{"ts":1771578675690,"action":"IDE_DEACTIVATED"}
{"ts":1771578676181,"action":"IDE_ACTIVATED"}
{"ts":1771578676641,"action":"IDE_DEACTIVATED"}
{"ts":1771578677182,"action":"IDE_ACTIVATED"}
{"ts":1771578689183,"action":"IDE_DEACTIVATED"}
{"ts":1771578741422,"action":"IDE_ACTIVATED"}
{"ts":1771578756873,"action":"IDE_DEACTIVATED"}
{"ts":1771578795896,"action":"IDE_ACTIVATED"}
{"ts":1771579187180,"action":"IDE_DEACTIVATED"}
{"ts":1771579260902,"action":"IDE_ACTIVATED"}
{"ts":1771579264021,"action":"IDE_DEACTIVATED"}
{"ts":1771579273409,"action":"IDE_ACTIVATED"}
{"ts":1771579289130,"action":"IDE_DEACTIVATED"}
{"ts":1771579344867,"action":"IDE_ACTIVATED"}
{"ts":1771579349114,"action":"IDE_DEACTIVATED"}
{"ts":1771579514192,"action":"IDE_ACTIVATED"}
{"ts":1771579526832,"action":"IDE_DEACTIVATED"}
{"ts":1771579531053,"action":"IDE_ACTIVATED"}
{"ts":1771579537722,"action":"IDE_DEACTIVATED"}
{"ts":1771579547547,"action":"IDE_ACTIVATED"}
{"ts":1771579552449,"action":"IDE_DEACTIVATED"}
{"ts":1771579556607,"action":"IDE_ACTIVATED"}
{"ts":1771579558952,"action":"IDE_DEACTIVATED"}
{"ts":1771579561922,"action":"IDE_ACTIVATED"}
{"ts":1771579562876,"action":"IDE_DEACTIVATED"}
{"ts":1771579573259,"action":"IDE_ACTIVATED"}
{"ts":1771579601658,"action":"IDE_DEACTIVATED"}
{"ts":1771579607017,"action":"IDE_ACTIVATED"}
{"ts":1771579654110,"action":"IDE_DEACTIVATED"}
{"ts":1771579655090,"action":"IDE_ACTIVATED"}
{"ts":1771579656580,"action":"IDE_DEACTIVATED"}
{"ts":1771579657704,"action":"IDE_ACTIVATED"}
{"ts":1771579683165,"action":"IDE_DEACTIVATED"}
{"ts":1771579905368,"action":"IDE_ACTIVATED"}
{"ts":1771579926181,"action":"IDE_DEACTIVATED"}
{"ts":1771579938060,"action":"IDE_ACTIVATED"}
{"ts":1771579949275,"action":"IDE_DEACTIVATED"}
{"ts":1771579979335,"action":"IDE_ACTIVATED"}
{"ts":1771579988568,"action":"IDE_DEACTIVATED"}
{"ts":1771580012994,"action":"IDE_ACTIVATED"}
{"ts":1771580020776,"action":"IDE_DEACTIVATED"}
{"ts":1771580023428,"action":"IDE_ACTIVATED"}
{"ts":1771580086898,"action":"IDE_DEACTIVATED"}
{"ts":1771580387057,"action":"IDE_ACTIVATED"}
{"ts":1771580388922,"action":"IDE_DEACTIVATED"}
{"ts":1771580391394,"action":"IDE_ACTIVATED"}
{"ts":1771580417951,"action":"IDE_DEACTIVATED"}
{"ts":1771580471869,"action":"IDE_ACTIVATED"}
{"ts":1771580474552,"action":"IDE_DEACTIVATED"}
{"ts":1771580492012,"action":"IDE_ACTIVATED"}
{"ts":1771580505025,"action":"IDE_DEACTIVATED"}
{"ts":1771580521319,"action":"IDE_ACTIVATED"}
{"ts":1771580583854,"action":"IDE_DEACTIVATED"}
{"ts":1771580625403,"action":"IDE_ACTIVATED"}
{"ts":1771580651172,"action":"IDE_DEACTIVATED"}
{"ts":1771580683411,"action":"IDE_ACTIVATED"}
{"ts":1771580726974,"action":"IDE_DEACTIVATED"}
{"ts":1771580740947,"action":"IDE_ACTIVATED"}
{"ts":1771580743665,"action":"IDE_DEACTIVATED"}
{"ts":1771580940900,"action":"IDE_ACTIVATED"}
{"ts":1771580944412,"action":"IDE_DEACTIVATED"}
{"ts":1771581008358,"action":"IDE_ACTIVATED"}
{"ts":1771581080293,"action":"IDE_DEACTIVATED"}
{"ts":1771581450317,"action":"IDE_ACTIVATED"}
{"ts":1771581450700,"action":"FILE_CLOSED","file":"/Core/Src/main.c","tags":{"FILE_LINE_OF_CODE":"480"}}
{"ts":1771581450700,"action":"FILE_OPENED","file":"/Core/Inc/bsp_config.h","tags":{"FILE_LINE_OF_CODE":"19"}}
{"ts":1771581455873,"action":"FILE_CLOSED","file":"/Core/Inc/bsp_config.h","tags":{"FILE_LINE_OF_CODE":"19"}}
{"ts":1771581455873,"action":"FILE_OPENED","file":"/SEGGER_RTT/SEGGER_RTT_Conf.h","tags":{"FILE_LINE_OF_CODE":"441"}}
{"ts":1771581516391,"action":"IDE_DEACTIVATED"}
{"ts":1771581644769,"action":"IDE_ACTIVATED"}
{"ts":1771581644870,"action":"FILE_CLOSED","file":"/SEGGER_RTT/SEGGER_RTT_Conf.h","tags":{"FILE_LINE_OF_CODE":"441"}}
{"ts":1771581644870,"action":"FILE_OPENED","file":"/Core/Src/main.c","tags":{"FILE_LINE_OF_CODE":"480"}}
{"ts":1771581648481,"action":"FILE_CLOSED","file":"/Core/Src/main.c","tags":{"FILE_LINE_OF_CODE":"480"}}
{"ts":1771581648481,"action":"FILE_OPENED","file":"/Core/Src/bsp.c","tags":{"FILE_LINE_OF_CODE":"38"}}
{"ts":1771581654651,"action":"FILE_CLOSED","file":"/Core/Src/bsp.c","tags":{"FILE_LINE_OF_CODE":"38"}}
{"ts":1771581654651,"action":"FILE_OPENED","file":"/Core/Inc/bsp.h","tags":{"FILE_LINE_OF_CODE":"36"}}
{"ts":1771581659364,"action":"FILE_CLOSED","file":"/Core/Inc/bsp.h","tags":{"FILE_LINE_OF_CODE":"35"}}
{"ts":1771581659364,"action":"FILE_OPENED","file":"/Core/Src/main.c","tags":{"FILE_LINE_OF_CODE":"480"}}
{"ts":1771581676821,"action":"IDE_DEACTIVATED"}
{"ts":1771581685595,"action":"IDE_ACTIVATED"}
{"ts":1771581695308,"action":"IDE_DEACTIVATED"}
{"ts":1771581702664,"action":"IDE_ACTIVATED"}
{"ts":1771581733168,"action":"IDE_DEACTIVATED"}
{"ts":1771581737213,"action":"IDE_ACTIVATED"}
{"ts":1771581741561,"action":"FILE_CLOSED","file":"/Core/Src/main.c","tags":{"FILE_LINE_OF_CODE":"480"}}
{"ts":1771581741561,"action":"FILE_OPENED","file":"/Core/Src/bsp.c","tags":{"FILE_LINE_OF_CODE":"38"}}
{"ts":1771581742114,"action":"FILE_CLOSED","file":"/Core/Src/bsp.c","tags":{"FILE_LINE_OF_CODE":"38"}}
{"ts":1771581742114,"action":"FILE_OPENED","file":"/Core/Inc/bsp.h","tags":{"FILE_LINE_OF_CODE":"35"}}
{"ts":1771581744919,"action":"FILE_CLOSED","file":"/Core/Inc/bsp.h","tags":{"FILE_LINE_OF_CODE":"36"}}
{"ts":1771581744919,"action":"FILE_OPENED","file":"/Core/Inc/bsp_config.h","tags":{"FILE_LINE_OF_CODE":"19"}}
{"ts":1771581755364,"action":"FILE_CLOSED","file":"/Core/Inc/bsp_config.h","tags":{"FILE_LINE_OF_CODE":"19"}}
{"ts":1771581755364,"action":"FILE_OPENED","file":"/SEGGER_RTT/SEGGER_RTT_Conf.h","tags":{"FILE_LINE_OF_CODE":"441"}}
{"ts":1771581756100,"action":"FILE_CLOSED","file":"/SEGGER_RTT/SEGGER_RTT_Conf.h","tags":{"FILE_LINE_OF_CODE":"441"}}
{"ts":1771581756100,"action":"FILE_OPENED","file":"/Core/Src/bsp.c","tags":{"FILE_LINE_OF_CODE":"38"}}
{"ts":1771581757779,"action":"FILE_CLOSED","file":"/Core/Src/bsp.c","tags":{"FILE_LINE_OF_CODE":"38"}}
{"ts":1771581757779,"action":"FILE_OPENED","file":"/Core/Inc/bsp.h","tags":{"FILE_LINE_OF_CODE":"36"}}
{"ts":1771581759157,"action":"FILE_CLOSED","file":"/Core/Inc/bsp.h","tags":{"FILE_LINE_OF_CODE":"36"}}
{"ts":1771581759157,"action":"FILE_OPENED","file":"/Core/Src/bsp.c","tags":{"FILE_LINE_OF_CODE":"38"}}
{"ts":1771581759965,"action":"FILE_CLOSED","file":"/Core/Src/bsp.c","tags":{"FILE_LINE_OF_CODE":"38"}}
{"ts":1771581759965,"action":"FILE_OPENED","file":"/SEGGER_RTT/SEGGER_RTT_Conf.h","tags":{"FILE_LINE_OF_CODE":"441"}}
{"ts":1771581762530,"action":"IDE_DEACTIVATED"}
{"ts":1771581870315,"action":"IDE_ACTIVATED"}
{"ts":1771581930522,"action":"IDE_DEACTIVATED"}
{"ts":1771582142603,"action":"IDE_ACTIVATED"}
{"ts":1771582158878,"action":"IDE_DEACTIVATED"}
{"ts":1771582208601,"action":"IDE_ACTIVATED"}
{"ts":1771582219170,"action":"IDE_DEACTIVATED"}
{"ts":1771582256777,"action":"IDE_ACTIVATED"}
{"ts":1771582271470,"action":"FILE_CLOSED","file":"/SEGGER_RTT/SEGGER_RTT_Conf.h","tags":{"FILE_LINE_OF_CODE":"441"}}
{"ts":1771582271470,"action":"FILE_OPENED","file":"/Core/Inc/bsp_config.h","tags":{"FILE_LINE_OF_CODE":"19"}}
{"ts":1771582272736,"action":"FILE_CLOSED","file":"/Core/Inc/bsp_config.h","tags":{"FILE_LINE_OF_CODE":"19"}}
{"ts":1771582272736,"action":"FILE_OPENED","file":"/Core/Src/main.c","tags":{"FILE_LINE_OF_CODE":"480"}}
{"ts":1771582277908,"action":"FILE_CLOSED","file":"/Core/Src/main.c","tags":{"FILE_LINE_OF_CODE":"480"}}
{"ts":1771582277908,"action":"FILE_OPENED","file":"/Core/Inc/main.h","tags":{"FILE_LINE_OF_CODE":"74"}}
{"ts":1771582279871,"action":"FILE_CLOSED","file":"/Core/Inc/main.h","tags":{"FILE_LINE_OF_CODE":"74"}}
{"ts":1771582279871,"action":"FILE_OPENED","file":"/Core/Src/main.c","tags":{"FILE_LINE_OF_CODE":"480"}}
{"ts":1771582284605,"action":"IDE_DEACTIVATED"}
{"ts":1771582322011,"action":"IDE_ACTIVATED"}
{"ts":1771582324806,"action":"FILE_CLOSED","file":"/Core/Src/main.c","tags":{"FILE_LINE_OF_CODE":"480"}}
{"ts":1771582324806,"action":"FILE_OPENED","file":"/SEGGER_RTT/SEGGER_RTT.h","tags":{"FILE_LINE_OF_CODE":"521"}}
{"ts":1771582325833,"action":"FILE_CLOSED","file":"/SEGGER_RTT/SEGGER_RTT.h","tags":{"FILE_LINE_OF_CODE":"521"}}
{"ts":1771582325833,"action":"FILE_OPENED","file":"/SEGGER_RTT/SEGGER_RTT.c","tags":{"FILE_LINE_OF_CODE":"2094"}}
{"ts":1771582326632,"action":"FILE_CLOSED","file":"/SEGGER_RTT/SEGGER_RTT.c","tags":{"FILE_LINE_OF_CODE":"2094"}}
{"ts":1771582326632,"action":"FILE_OPENED","file":"/SEGGER_RTT/SEGGER_RTT.h","tags":{"FILE_LINE_OF_CODE":"521"}}
{"ts":1771582330015,"action":"FILE_CLOSED","file":"/SEGGER_RTT/SEGGER_RTT.h","tags":{"FILE_LINE_OF_CODE":"521"}}
{"ts":1771582330015,"action":"FILE_OPENED","file":"/SEGGER_RTT/SEGGER_RTT_Conf.h","tags":{"FILE_LINE_OF_CODE":"441"}}
{"ts":1771582423112,"action":"IDE_DEACTIVATED"}
{"ts":1771582498695,"action":"IDE_ACTIVATED"}
{"ts":1771582498782,"action":"FILE_CLOSED","file":"/SEGGER_RTT/SEGGER_RTT_Conf.h","tags":{"FILE_LINE_OF_CODE":"441"}}
{"ts":1771582498782,"action":"FILE_OPENED","file":"/Core/Src/main.c","tags":{"FILE_LINE_OF_CODE":"480"}}
{"ts":1771582512286,"action":"FILE_CLOSED","file":"/Core/Src/main.c","tags":{"FILE_LINE_OF_CODE":"481"}}
{"ts":1771582515354,"action":"FILE_OPENED","file":"/Core/Src/main.c","tags":{"FILE_LINE_OF_CODE":"481"}}
{"ts":1771582526728,"action":"IDE_DEACTIVATED"}
{"ts":1771582902688,"action":"IDE_ACTIVATED"}
{"ts":1771582910000,"action":"IDE_DEACTIVATED"}
{"ts":1771582910152,"action":"IDE_ACTIVATED"}
{"ts":1771582914890,"action":"IDE_DEACTIVATED"}
{"ts":1771583065047,"action":"IDE_ACTIVATED"}
{"ts":1771583065480,"action":"FILE_CLOSED","file":"/Core/Src/main.c","tags":{"FILE_LINE_OF_CODE":"481"}}
{"ts":1771583065480,"action":"FILE_OPENED","file":"/SEGGER_RTT/SEGGER_RTT_printf.c","tags":{"FILE_LINE_OF_CODE":"523"}}
{"ts":1771583087530,"action":"IDE_DEACTIVATED"}
{"ts":1771583670440,"action":"IDE_ACTIVATED"}
{"ts":1771583689478,"action":"IDE_DEACTIVATED"}
{"ts":1771583959705,"action":"IDE_ACTIVATED"}
{"ts":1771584095228,"action":"IDE_DEACTIVATED"}
{"ts":1771584129683,"action":"IDE_ACTIVATED"}
{"ts":1771584218382,"action":"FILE_CLOSED","file":"/SEGGER_RTT/SEGGER_RTT_printf.c","tags":{"FILE_LINE_OF_CODE":"550"}}
{"ts":1771584218382,"action":"FILE_OPENED","file":"/SEGGER_RTT/SEGGER_RTT.h","tags":{"FILE_LINE_OF_CODE":"521"}}
{"ts":1771584219034,"action":"FILE_CLOSED","file":"/SEGGER_RTT/SEGGER_RTT.h","tags":{"FILE_LINE_OF_CODE":"521"}}
{"ts":1771584219034,"action":"FILE_OPENED","file":"/SEGGER_RTT/SEGGER_RTT_Conf.h","tags":{"FILE_LINE_OF_CODE":"441"}}
{"ts":1771584251100,"action":"FILE_CLOSED","file":"/SEGGER_RTT/SEGGER_RTT_Conf.h","tags":{"FILE_LINE_OF_CODE":"441"}}
{"ts":1771584251100,"action":"FILE_OPENED","file":"/SEGGER_RTT/SEGGER_RTT.h","tags":{"FILE_LINE_OF_CODE":"521"}}
{"ts":1771584252850,"action":"FILE_CLOSED","file":"/SEGGER_RTT/SEGGER_RTT.h","tags":{"FILE_LINE_OF_CODE":"521"}}
{"ts":1771584252850,"action":"FILE_OPENED","file":"/SEGGER_RTT/SEGGER_RTT_printf.c","tags":{"FILE_LINE_OF_CODE":"550"}}
{"ts":1771584293013,"action":"FILE_CLOSED","file":"/SEGGER_RTT/SEGGER_RTT_printf.c","tags":{"FILE_LINE_OF_CODE":"550"}}
{"ts":1771584293013,"action":"FILE_OPENED","file":"/SEGGER_RTT/SEGGER_RTT.c","tags":{"FILE_LINE_OF_CODE":"2094"}}
{"ts":1771584331333,"action":"FILE_CLOSED","file":"/SEGGER_RTT/SEGGER_RTT.c","tags":{"FILE_LINE_OF_CODE":"2094"}}
{"ts":1771584331333,"action":"FILE_OPENED","file":"/SEGGER_RTT/SEGGER_RTT_printf.c","tags":{"FILE_LINE_OF_CODE":"550"}}
{"ts":1771584337298,"action":"IDE_DEACTIVATED"}
{"ts":1771584408538,"action":"IDE_ACTIVATED"}
{"ts":1771584491496,"action":"FILE_CLOSED","file":"/SEGGER_RTT/SEGGER_RTT_printf.c","tags":{"FILE_LINE_OF_CODE":"547"}}
{"ts":1771584491496,"action":"FILE_OPENED","file":"/SEGGER_RTT/SEGGER_RTT.h","tags":{"FILE_LINE_OF_CODE":"521"}}
{"ts":1771584492799,"action":"FILE_CLOSED","file":"/SEGGER_RTT/SEGGER_RTT.h","tags":{"FILE_LINE_OF_CODE":"521"}}
{"ts":1771584492799,"action":"FILE_OPENED","file":"/Core/Src/main.c","tags":{"FILE_LINE_OF_CODE":"481"}}
{"ts":1771584563173,"action":"IDE_DEACTIVATED"}
{"ts":1771584565938,"action":"IDE_ACTIVATED"}
{"ts":1771584571960,"action":"IDE_DEACTIVATED"}
{"ts":1771584639273,"action":"IDE_ACTIVATED"}
{"ts":1771584643211,"action":"IDE_DEACTIVATED"}
{"ts":1771584652877,"action":"IDE_ACTIVATED"}
{"ts":1771584658739,"action":"IDE_DEACTIVATED"}
{"ts":1771584668963,"action":"IDE_ACTIVATED"}
{"ts":1771584696479,"action":"IDE_DEACTIVATED"}
{"ts":1771584732451,"action":"IDE_ACTIVATED"}
{"ts":1771584732567,"action":"FILE_CLOSED","file":"/Core/Src/main.c","tags":{"FILE_LINE_OF_CODE":"481"}}
{"ts":1771584732567,"action":"FILE_OPENED","file":"/SEGGER_RTT/SEGGER_RTT_printf.c","tags":{"FILE_LINE_OF_CODE":"547"}}
{"ts":1771584733901,"action":"FILE_CLOSED","file":"/SEGGER_RTT/SEGGER_RTT_printf.c","tags":{"FILE_LINE_OF_CODE":"547"}}
{"ts":1771584733902,"action":"FILE_OPENED","file":"/SEGGER_RTT/SEGGER_RTT.h","tags":{"FILE_LINE_OF_CODE":"521"}}
{"ts":1771584735173,"action":"FILE_CLOSED","file":"/SEGGER_RTT/SEGGER_RTT.h","tags":{"FILE_LINE_OF_CODE":"521"}}
{"ts":1771584735173,"action":"FILE_OPENED","file":"/SEGGER_RTT/SEGGER_RTT_Conf.h","tags":{"FILE_LINE_OF_CODE":"441"}}
{"ts":1771584736014,"action":"FILE_CLOSED","file":"/SEGGER_RTT/SEGGER_RTT_Conf.h","tags":{"FILE_LINE_OF_CODE":"441"}}
{"ts":1771584736014,"action":"FILE_OPENED","file":"/SEGGER_RTT/SEGGER_RTT.h","tags":{"FILE_LINE_OF_CODE":"521"}}
{"ts":1771584739497,"action":"FILE_CLOSED","file":"/SEGGER_RTT/SEGGER_RTT.h","tags":{"FILE_LINE_OF_CODE":"521"}}
{"ts":1771584739497,"action":"FILE_OPENED","file":"/SEGGER_RTT/SEGGER_RTT_Conf.h","tags":{"FILE_LINE_OF_CODE":"441"}}
{"ts":1771584765782,"action":"IDE_DEACTIVATED"}
{"ts":1771584767344,"action":"IDE_ACTIVATED"}
{"ts":1771584767823,"action":"IDE_DEACTIVATED"}
{"ts":1771585073812,"action":"IDE_ACTIVATED"}
{"ts":1771585073898,"action":"FILE_CLOSED","file":"/SEGGER_RTT/SEGGER_RTT_Conf.h","tags":{"FILE_LINE_OF_CODE":"441"}}
{"ts":1771585073898,"action":"FILE_OPENED","file":"/SEGGER_RTT/SEGGER_RTT.h","tags":{"FILE_LINE_OF_CODE":"521"}}
{"ts":1771585076900,"action":"FILE_CLOSED","file":"/SEGGER_RTT/SEGGER_RTT.h","tags":{"FILE_LINE_OF_CODE":"521"}}
{"ts":1771585076900,"action":"FILE_OPENED","file":"/SEGGER_RTT/SEGGER_RTT_printf.c","tags":{"FILE_LINE_OF_CODE":"547"}}
{"ts":1771585091871,"action":"FILE_CLOSED","file":"/SEGGER_RTT/SEGGER_RTT_printf.c","tags":{"FILE_LINE_OF_CODE":"547"}}
{"ts":1771585091871,"action":"FILE_OPENED","file":"/SEGGER_RTT/SEGGER_RTT.c","tags":{"FILE_LINE_OF_CODE":"2094"}}
{"ts":1771585158712,"action":"IDE_DEACTIVATED"}
{"ts":1771585178870,"action":"IDE_ACTIVATED"}
{"ts":1771585195909,"action":"IDE_DEACTIVATED"}
{"ts":1771585241051,"action":"IDE_ACTIVATED"}
{"ts":1771585248566,"action":"IDE_DEACTIVATED"}
{"ts":1771585251348,"action":"IDE_ACTIVATED"}
{"ts":1771585255558,"action":"IDE_DEACTIVATED"}
{"ts":1771585263606,"action":"IDE_ACTIVATED"}
{"ts":1771585328806,"action":"IDE_DEACTIVATED"}
{"ts":1771585351725,"action":"IDE_ACTIVATED"}
{"ts":1771585433724,"action":"FILE_CLOSED","file":"/SEGGER_RTT/SEGGER_RTT.c","tags":{"FILE_LINE_OF_CODE":"2094"}}
{"ts":1771585433725,"action":"FILE_OPENED","file":"/User_Architect/Src/user_ring_buffe.c","tags":{"FILE_LINE_OF_CODE":"261"}}
{"ts":1771585595817,"action":"FILE_CLOSED","file":"/User_Architect/Src/user_ring_buffe.c","tags":{"FILE_LINE_OF_CODE":"261"}}
{"ts":1771585595817,"action":"FILE_OPENED","file":"/SEGGER_RTT/SEGGER_RTT.h","tags":{"FILE_LINE_OF_CODE":"521"}}
{"ts":1771585596429,"action":"FILE_CLOSED","file":"/SEGGER_RTT/SEGGER_RTT.h","tags":{"FILE_LINE_OF_CODE":"521"}}
{"ts":1771585596429,"action":"FILE_OPENED","file":"/SEGGER_RTT/SEGGER_RTT_printf.c","tags":{"FILE_LINE_OF_CODE":"547"}}
{"ts":1771585604913,"action":"FILE_CLOSED","file":"/SEGGER_RTT/SEGGER_RTT_printf.c","tags":{"FILE_LINE_OF_CODE":"547"}}
{"ts":1771585604913,"action":"FILE_OPENED","file":"/Core/Src/main.c","tags":{"FILE_LINE_OF_CODE":"481"}}
{"ts":1771585607216,"action":"FILE_CLOSED","file":"/Core/Src/main.c","tags":{"FILE_LINE_OF_CODE":"481"}}
{"ts":1771585641289,"action":"FILE_OPENED","file":"/Core/Src/main.c","tags":{"FILE_LINE_OF_CODE":"481"}}
{"ts":1771585643830,"action":"IDE_DEACTIVATED"}
{"ts":1771588108947,"action":"IDE_ACTIVATED"}
{"ts":1771588112212,"action":"FILE_CLOSED","file":"/Core/Src/main.c","tags":{"FILE_LINE_OF_CODE":"481"}}
{"ts":1771588112212,"action":"FILE_OPENED","file":"/SEGGER_RTT/SEGGER_RTT.c","tags":{"FILE_LINE_OF_CODE":"2094"}}
{"ts":1771588930322,"action":"FILE_CLOSED","file":"/SEGGER_RTT/SEGGER_RTT.c","tags":{"FILE_LINE_OF_CODE":"2094"}}
{"ts":1771588930322,"action":"FILE_OPENED","file":"/SEGGER_RTT/SEGGER_RTT_Conf.h","tags":{"FILE_LINE_OF_CODE":"441"}}
{"ts":1771588959291,"action":"IDE_DEACTIVATED"}
{"ts":1771589999017,"action":"IDE_ACTIVATED"}
{"ts":1771589999126,"action":"FILE_CLOSED","file":"/SEGGER_RTT/SEGGER_RTT_Conf.h","tags":{"FILE_LINE_OF_CODE":"441"}}
{"ts":1771589999126,"action":"FILE_OPENED","file":"/SEGGER_RTT/SEGGER_RTT_printf.c","tags":{"FILE_LINE_OF_CODE":"547"}}
{"ts":1771590000732,"action":"FILE_CLOSED","file":"/SEGGER_RTT/SEGGER_RTT_printf.c","tags":{"FILE_LINE_OF_CODE":"547"}}
{"ts":1771590000732,"action":"FILE_OPENED","file":"/Core/Src/main.c","tags":{"FILE_LINE_OF_CODE":"481"}}
{"ts":1771590019289,"action":"IDE_DEACTIVATED"}
{"ts":1771590528127,"action":"IDE_ACTIVATED"}
{"ts":1771590537374,"action":"IDE_DEACTIVATED"}
{"ts":1771590549765,"action":"IDE_ACTIVATED"}
{"ts":1771590551145,"action":"IDE_DEACTIVATED"}
{"ts":1771590643732,"action":"IDE_ACTIVATED"}
{"ts":1771590652961,"action":"IDE_DEACTIVATED"}
{"ts":1771590665279,"action":"IDE_ACTIVATED"}
{"ts":1771590668099,"action":"IDE_DEACTIVATED"}
{"ts":1771590674713,"action":"IDE_ACTIVATED"}
{"ts":1771590676477,"action":"IDE_DEACTIVATED"}
{"ts":1771590678436,"action":"IDE_ACTIVATED"}
{"ts":1771590684407,"action":"IDE_DEACTIVATED"}
{"ts":1771590688451,"action":"IDE_ACTIVATED"}
{"ts":1771590693122,"action":"IDE_DEACTIVATED"}
{"ts":1771591920257,"action":"IDE_ACTIVATED"}
{"ts":1771591925246,"action":"IDE_DEACTIVATED"}
{"ts":1771591941227,"action":"IDE_ACTIVATED"}
{"ts":1771591941429,"action":"FILE_CLOSED","file":"/Core/Src/main.c","tags":{"FILE_LINE_OF_CODE":"481"}}
{"ts":1771591941430,"action":"FILE_OPENED","file":"/SEGGER_RTT/SEGGER_RTT.c","tags":{"FILE_LINE_OF_CODE":"2094"}}
{"ts":1771591990057,"action":"FILE_CLOSED","file":"/SEGGER_RTT/SEGGER_RTT.c","tags":{"FILE_LINE_OF_CODE":"2094"}}
{"ts":1771591990057,"action":"FILE_OPENED","file":"/SEGGER_RTT/SEGGER_RTT.h","tags":{"FILE_LINE_OF_CODE":"521"}}
{"ts":1771592061088,"action":"FILE_CLOSED","file":"/SEGGER_RTT/SEGGER_RTT.h","tags":{"FILE_LINE_OF_CODE":"521"}}
{"ts":1771592061088,"action":"FILE_OPENED","file":"/SEGGER_RTT/SEGGER_RTT.c","tags":{"FILE_LINE_OF_CODE":"2094"}}
{"ts":1771592066030,"action":"FILE_CLOSED","file":"/SEGGER_RTT/SEGGER_RTT.c","tags":{"FILE_LINE_OF_CODE":"2094"}}
{"ts":1771592066030,"action":"FILE_OPENED","file":"/SEGGER_RTT/SEGGER_RTT_Conf.h","tags":{"FILE_LINE_OF_CODE":"441"}}
{"ts":1771592066986,"action":"FILE_CLOSED","file":"/SEGGER_RTT/SEGGER_RTT_Conf.h","tags":{"FILE_LINE_OF_CODE":"441"}}
{"ts":1771592066986,"action":"FILE_OPENED","file":"/SEGGER_RTT/SEGGER_RTT.c","tags":{"FILE_LINE_OF_CODE":"2094"}}
{"ts":1771592068008,"action":"FILE_CLOSED","file":"/SEGGER_RTT/SEGGER_RTT.c","tags":{"FILE_LINE_OF_CODE":"2094"}}
{"ts":1771592068008,"action":"FILE_OPENED","file":"/SEGGER_RTT/SEGGER_RTT_Conf.h","tags":{"FILE_LINE_OF_CODE":"441"}}
{"ts":1771592113514,"action":"IDE_DEACTIVATED"}
{"ts":1771592123361,"action":"IDE_ACTIVATED"}
{"ts":1771592123437,"action":"FILE_CLOSED","file":"/SEGGER_RTT/SEGGER_RTT_Conf.h","tags":{"FILE_LINE_OF_CODE":"441"}}
{"ts":1771592123437,"action":"FILE_OPENED","file":"/Core/Src/main.c","tags":{"FILE_LINE_OF_CODE":"481"}}
{"ts":1771592164440,"action":"IDE_DEACTIVATED"}
{"ts":1771592261250,"action":"IDE_ACTIVATED"}
{"ts":1771592262278,"action":"IDE_DEACTIVATED"}
{"ts":1771592262456,"action":"IDE_ACTIVATED"}
{"ts":1771592263438,"action":"IDE_DEACTIVATED"}
{"ts":1771592456277,"action":"IDE_ACTIVATED"}
{"ts":1771592487740,"action":"IDE_DEACTIVATED"}
{"ts":1771592492460,"action":"IDE_ACTIVATED"}
{"ts":1771592500604,"action":"IDE_DEACTIVATED"}
{"ts":1771592800439,"action":"IDE_ACTIVATED"}
{"ts":1771592805244,"action":"IDE_DEACTIVATED"}
{"ts":1771593226226,"action":"IDE_ACTIVATED"}
{"ts":1771593228963,"action":"IDE_DEACTIVATED"}
{"ts":1771593231225,"action":"IDE_ACTIVATED"}
{"ts":1771593234101,"action":"IDE_DEACTIVATED"}
{"ts":1771593261371,"action":"IDE_ACTIVATED"}
{"ts":1771593263987,"action":"IDE_DEACTIVATED"}
{"ts":1771593265037,"action":"IDE_ACTIVATED"}
{"ts":1771593290023,"action":"IDE_DEACTIVATED"}
{"ts":1771593502686,"action":"IDE_ACTIVATED"}
{"ts":1771593519182,"action":"IDE_DEACTIVATED"}
{"ts":1771593580892,"action":"IDE_ACTIVATED"}
{"ts":1771593581010,"action":"FILE_CLOSED","file":"/Core/Src/main.c","tags":{"FILE_LINE_OF_CODE":"482"}}
{"ts":1771593581010,"action":"FILE_OPENED","file":"/SEGGER_RTT/SEGGER_RTT_printf.c","tags":{"FILE_LINE_OF_CODE":"547"}}
{"ts":1771593603032,"action":"IDE_DEACTIVATED"}
{"ts":1771593666224,"action":"IDE_ACTIVATED"}
{"ts":1771593698809,"action":"IDE_DEACTIVATED"}
{"ts":1771593698950,"action":"IDE_ACTIVATED"}
{"ts":1771593700597,"action":"IDE_DEACTIVATED"}
{"ts":1771593731156,"action":"IDE_ACTIVATED"}
{"ts":1771593733551,"action":"FILE_CLOSED","file":"/SEGGER_RTT/SEGGER_RTT_printf.c","tags":{"FILE_LINE_OF_CODE":"547"}}
{"ts":1771593733551,"action":"FILE_OPENED","file":"/SEGGER_RTT/SEGGER_RTT.h","tags":{"FILE_LINE_OF_CODE":"521"}}
{"ts":1771593734847,"action":"FILE_CLOSED","file":"/SEGGER_RTT/SEGGER_RTT.h","tags":{"FILE_LINE_OF_CODE":"521"}}
{"ts":1771593734847,"action":"FILE_OPENED","file":"/Core/Src/main.c","tags":{"FILE_LINE_OF_CODE":"482"}}
{"ts":1771593755056,"action":"IDE_DEACTIVATED"}
{"ts":1771593773107,"action":"IDE_ACTIVATED"}
{"ts":1771593783496,"action":"IDE_DEACTIVATED"}
{"ts":1771593792305,"action":"IDE_ACTIVATED"}
{"ts":1771593793616,"action":"IDE_DEACTIVATED"}
{"ts":1771593882779,"action":"IDE_ACTIVATED"}
{"ts":1771593908856,"action":"IDE_DEACTIVATED"}
{"ts":1771594013331,"action":"IDE_ACTIVATED"}
{"ts":1771594027968,"action":"FILE_CLOSED","file":"/Core/Src/main.c","tags":{"FILE_LINE_OF_CODE":"478"}}
{"ts":1771594027968,"action":"FILE_OPENED","file":"/SEGGER_RTT/SEGGER_RTT.h","tags":{"FILE_LINE_OF_CODE":"521"}}
{"ts":1771594030765,"action":"FILE_CLOSED","file":"/SEGGER_RTT/SEGGER_RTT.h","tags":{"FILE_LINE_OF_CODE":"521"}}
{"ts":1771594030767,"action":"FILE_OPENED","file":"/SEGGER_RTT/SEGGER_RTT.c","tags":{"FILE_LINE_OF_CODE":"2094"}}
{"ts":1771594045861,"action":"IDE_DEACTIVATED"}
{"ts":1771594058591,"action":"IDE_ACTIVATED"}
{"ts":1771594064823,"action":"IDE_DEACTIVATED"}
{"ts":1771594083328,"action":"IDE_ACTIVATED"}
{"ts":1771594084818,"action":"IDE_DEACTIVATED"}
{"ts":1771594737645,"action":"IDE_ACTIVATED"}
{"ts":1771594762464,"action":"IDE_DEACTIVATED"}
{"ts":1771594766128,"action":"IDE_ACTIVATED"}
{"ts":1771594766235,"action":"FILE_CLOSED","file":"/SEGGER_RTT/SEGGER_RTT.c","tags":{"FILE_LINE_OF_CODE":"2094"}}
{"ts":1771594766235,"action":"FILE_OPENED","file":"/SEGGER_RTT/SEGGER_RTT.h","tags":{"FILE_LINE_OF_CODE":"521"}}
{"ts":1771594780477,"action":"FILE_CLOSED","file":"/SEGGER_RTT/SEGGER_RTT.h","tags":{"FILE_LINE_OF_CODE":"521"}}
{"ts":1771594780477,"action":"FILE_OPENED","file":"/SEGGER_RTT/SEGGER_RTT.c","tags":{"FILE_LINE_OF_CODE":"2094"}}
{"ts":1771594793997,"action":"FILE_CLOSED","file":"/SEGGER_RTT/SEGGER_RTT.c","tags":{"FILE_LINE_OF_CODE":"2094"}}
{"ts":1771594793997,"action":"FILE_OPENED","file":"/SEGGER_RTT/SEGGER_RTT.h","tags":{"FILE_LINE_OF_CODE":"521"}}
{"ts":1771594855017,"action":"FILE_CLOSED","file":"/SEGGER_RTT/SEGGER_RTT.h","tags":{"FILE_LINE_OF_CODE":"521"}}
{"ts":1771594855017,"action":"FILE_OPENED","file":"/SEGGER_RTT/SEGGER_RTT.c","tags":{"FILE_LINE_OF_CODE":"2094"}}
{"ts":1771594876719,"action":"FILE_CLOSED","file":"/SEGGER_RTT/SEGGER_RTT.c","tags":{"FILE_LINE_OF_CODE":"2094"}}
{"ts":1771594876719,"action":"FILE_OPENED","file":"/SEGGER_RTT/SEGGER_RTT.h","tags":{"FILE_LINE_OF_CODE":"521"}}
{"ts":1771594881522,"action":"FILE_CLOSED","file":"/SEGGER_RTT/SEGGER_RTT.h","tags":{"FILE_LINE_OF_CODE":"521"}}
{"ts":1771594881522,"action":"FILE_OPENED","file":"/SEGGER_RTT/SEGGER_RTT.c","tags":{"FILE_LINE_OF_CODE":"2094"}}
{"ts":1771594898014,"action":"FILE_CLOSED","file":"/SEGGER_RTT/SEGGER_RTT.c","tags":{"FILE_LINE_OF_CODE":"2094"}}
{"ts":1771594898014,"action":"FILE_OPENED","file":"/SEGGER_RTT/SEGGER_RTT.h","tags":{"FILE_LINE_OF_CODE":"521"}}
{"ts":1771594899670,"action":"FILE_CLOSED","file":"/SEGGER_RTT/SEGGER_RTT.h","tags":{"FILE_LINE_OF_CODE":"521"}}
{"ts":1771594899670,"action":"FILE_OPENED","file":"/SEGGER_RTT/SEGGER_RTT.c","tags":{"FILE_LINE_OF_CODE":"2094"}}
{"ts":1771594931693,"action":"FILE_CLOSED","file":"/SEGGER_RTT/SEGGER_RTT.c","tags":{"FILE_LINE_OF_CODE":"2094"}}
{"ts":1771594931693,"action":"FILE_OPENED","file":"/SEGGER_RTT/SEGGER_RTT.h","tags":{"FILE_LINE_OF_CODE":"521"}}
{"ts":1771594934273,"action":"FILE_CLOSED","file":"/SEGGER_RTT/SEGGER_RTT.h","tags":{"FILE_LINE_OF_CODE":"521"}}
{"ts":1771594934273,"action":"FILE_OPENED","file":"/SEGGER_RTT/SEGGER_RTT.c","tags":{"FILE_LINE_OF_CODE":"2094"}}
{"ts":1771594949783,"action":"FILE_CLOSED","file":"/SEGGER_RTT/SEGGER_RTT.c","tags":{"FILE_LINE_OF_CODE":"2094"}}
{"ts":1771594949783,"action":"FILE_OPENED","file":"/SEGGER_RTT/SEGGER_RTT.h","tags":{"FILE_LINE_OF_CODE":"521"}}
{"ts":1771594950768,"action":"FILE_CLOSED","file":"/SEGGER_RTT/SEGGER_RTT.h","tags":{"FILE_LINE_OF_CODE":"521"}}
{"ts":1771594950768,"action":"FILE_OPENED","file":"/SEGGER_RTT/SEGGER_RTT_printf.c","tags":{"FILE_LINE_OF_CODE":"547"}}
{"ts":1771594951500,"action":"FILE_CLOSED","file":"/SEGGER_RTT/SEGGER_RTT_printf.c","tags":{"FILE_LINE_OF_CODE":"547"}}
{"ts":1771594951500,"action":"FILE_OPENED","file":"/SEGGER_RTT/SEGGER_RTT.h","tags":{"FILE_LINE_OF_CODE":"521"}}
{"ts":1771594953840,"action":"FILE_CLOSED","file":"/SEGGER_RTT/SEGGER_RTT.h","tags":{"FILE_LINE_OF_CODE":"521"}}
{"ts":1771594953840,"action":"FILE_OPENED","file":"/SEGGER_RTT/SEGGER_RTT.c","tags":{"FILE_LINE_OF_CODE":"2094"}}
{"ts":1771594954555,"action":"FILE_CLOSED","file":"/SEGGER_RTT/SEGGER_RTT.c","tags":{"FILE_LINE_OF_CODE":"2094"}}
{"ts":1771594954556,"action":"FILE_OPENED","file":"/SEGGER_RTT/SEGGER_RTT.h","tags":{"FILE_LINE_OF_CODE":"521"}}
{"ts":1771594956068,"action":"FILE_CLOSED","file":"/SEGGER_RTT/SEGGER_RTT.h","tags":{"FILE_LINE_OF_CODE":"521"}}
{"ts":1771594956068,"action":"FILE_OPENED","file":"/SEGGER_RTT/SEGGER_RTT.c","tags":{"FILE_LINE_OF_CODE":"2094"}}
{"ts":1771594959759,"action":"FILE_CLOSED","file":"/SEGGER_RTT/SEGGER_RTT.c","tags":{"FILE_LINE_OF_CODE":"2094"}}
{"ts":1771594959759,"action":"FILE_OPENED","file":"/SEGGER_RTT/SEGGER_RTT.h","tags":{"FILE_LINE_OF_CODE":"521"}}
{"ts":1771594960642,"action":"FILE_CLOSED","file":"/SEGGER_RTT/SEGGER_RTT.h","tags":{"FILE_LINE_OF_CODE":"521"}}
{"ts":1771594960642,"action":"FILE_OPENED","file":"/SEGGER_RTT/SEGGER_RTT.c","tags":{"FILE_LINE_OF_CODE":"2094"}}
{"ts":1771594969537,"action":"IDE_DEACTIVATED"}
{"ts":1771595010053,"action":"IDE_ACTIVATED"}
{"ts":1771595010143,"action":"FILE_CLOSED","file":"/SEGGER_RTT/SEGGER_RTT.c","tags":{"FILE_LINE_OF_CODE":"2094"}}
{"ts":1771595010143,"action":"FILE_OPENED","file":"/SEGGER_RTT/SEGGER_RTT_Conf.h","tags":{"FILE_LINE_OF_CODE":"441"}}
{"ts":1771595011501,"action":"FILE_CLOSED","file":"/SEGGER_RTT/SEGGER_RTT_Conf.h","tags":{"FILE_LINE_OF_CODE":"441"}}
{"ts":1771595011501,"action":"FILE_OPENED","file":"/SEGGER_RTT/SEGGER_RTT.c","tags":{"FILE_LINE_OF_CODE":"2094"}}
{"ts":1771595012193,"action":"FILE_CLOSED","file":"/SEGGER_RTT/SEGGER_RTT.c","tags":{"FILE_LINE_OF_CODE":"2094"}}
{"ts":1771595012193,"action":"FILE_OPENED","file":"/SEGGER_RTT/SEGGER_RTT_printf.c","tags":{"FILE_LINE_OF_CODE":"547"}}
{"ts":1771595013128,"action":"FILE_CLOSED","file":"/SEGGER_RTT/SEGGER_RTT_printf.c","tags":{"FILE_LINE_OF_CODE":"547"}}
{"ts":1771595013128,"action":"FILE_OPENED","file":"/Core/Src/main.c","tags":{"FILE_LINE_OF_CODE":"478"}}
{"ts":1771595030264,"action":"IDE_DEACTIVATED"}
{"ts":1771595057941,"action":"IDE_ACTIVATED"}
{"ts":1771595058049,"action":"FILE_CLOSED","file":"/Core/Src/main.c","tags":{"FILE_LINE_OF_CODE":"478"}}
{"ts":1771595058049,"action":"FILE_OPENED","file":"/SEGGER_RTT/SEGGER_RTT_printf.c","tags":{"FILE_LINE_OF_CODE":"547"}}
{"ts":1771595059890,"action":"FILE_CLOSED","file":"/SEGGER_RTT/SEGGER_RTT_printf.c","tags":{"FILE_LINE_OF_CODE":"547"}}
{"ts":1771595059890,"action":"FILE_OPENED","file":"/Core/Src/main.c","tags":{"FILE_LINE_OF_CODE":"478"}}
{"ts":1771595119060,"action":"FILE_CLOSED","file":"/Core/Src/main.c","tags":{"FILE_LINE_OF_CODE":"478"}}
{"ts":1771595119060,"action":"FILE_OPENED","file":"/SEGGER_RTT/SEGGER_RTT_printf.c","tags":{"FILE_LINE_OF_CODE":"547"}}
{"ts":1771595120691,"action":"FILE_CLOSED","file":"/SEGGER_RTT/SEGGER_RTT_printf.c","tags":{"FILE_LINE_OF_CODE":"547"}}
{"ts":1771595120691,"action":"FILE_OPENED","file":"/Core/Inc/main.h","tags":{"FILE_LINE_OF_CODE":"74"}}
{"ts":1771595121205,"action":"FILE_CLOSED","file":"/Core/Inc/main.h","tags":{"FILE_LINE_OF_CODE":"74"}}
{"ts":1771595121205,"action":"FILE_OPENED","file":"/Core/Src/main.c","tags":{"FILE_LINE_OF_CODE":"478"}}
{"ts":1771595128127,"action":"FILE_CLOSED","file":"/Core/Src/main.c","tags":{"FILE_LINE_OF_CODE":"478"}}
{"ts":1771595128127,"action":"FILE_OPENED","file":"/SEGGER_RTT/SEGGER_RTT.h","tags":{"FILE_LINE_OF_CODE":"521"}}
{"ts":1771595155153,"action":"FILE_CLOSED","file":"/SEGGER_RTT/SEGGER_RTT.h","tags":{"FILE_LINE_OF_CODE":"521"}}
{"ts":1771595155153,"action":"FILE_OPENED","file":"/SEGGER_RTT/SEGGER_RTT_printf.c","tags":{"FILE_LINE_OF_CODE":"547"}}
{"ts":1771595156522,"action":"FILE_CLOSED","file":"/SEGGER_RTT/SEGGER_RTT_printf.c","tags":{"FILE_LINE_OF_CODE":"547"}}
{"ts":1771595156522,"action":"FILE_OPENED","file":"/SEGGER_RTT/SEGGER_RTT.c","tags":{"FILE_LINE_OF_CODE":"2094"}}
{"ts":1771595163806,"action":"FILE_CLOSED","file":"/SEGGER_RTT/SEGGER_RTT.c","tags":{"FILE_LINE_OF_CODE":"2094"}}
{"ts":1771595163806,"action":"FILE_OPENED","file":"/SEGGER_RTT/SEGGER_RTT_Conf.h","tags":{"FILE_LINE_OF_CODE":"441"}}
{"ts":1771595193225,"action":"FILE_CLOSED","file":"/SEGGER_RTT/SEGGER_RTT_Conf.h","tags":{"FILE_LINE_OF_CODE":"441"}}
{"ts":1771595193225,"action":"FILE_OPENED","file":"/Core/Src/main.c","tags":{"FILE_LINE_OF_CODE":"478"}}
{"ts":1771595222586,"action":"FILE_CLOSED","file":"/Core/Src/main.c","tags":{"FILE_LINE_OF_CODE":"478"}}
{"ts":1771595222586,"action":"FILE_OPENED","file":"/Core/Inc/main.h","tags":{"FILE_LINE_OF_CODE":"74"}}
{"ts":1771595236301,"action":"FILE_CLOSED","file":"/Core/Inc/main.h","tags":{"FILE_LINE_OF_CODE":"74"}}
{"ts":1771595236301,"action":"FILE_OPENED","file":"/Core/Src/main.c","tags":{"FILE_LINE_OF_CODE":"478"}}
{"ts":1771595255289,"action":"IDE_DEACTIVATED"}
{"ts":1771595258092,"action":"IDE_ACTIVATED"}
{"ts":1771595261026,"action":"IDE_DEACTIVATED"}
{"ts":1771595266294,"action":"IDE_ACTIVATED"}
{"ts":1771595310832,"action":"FILE_CLOSED","file":"/Core/Src/main.c","tags":{"FILE_LINE_OF_CODE":"477"}}
{"ts":1771595310832,"action":"FILE_OPENED","file":"/SEGGER_RTT/SEGGER_RTT_printf.c","tags":{"FILE_LINE_OF_CODE":"547"}}
{"ts":1771595312746,"action":"FILE_CLOSED","file":"/SEGGER_RTT/SEGGER_RTT_printf.c","tags":{"FILE_LINE_OF_CODE":"547"}}
{"ts":1771595312746,"action":"FILE_OPENED","file":"/Core/Src/main.c","tags":{"FILE_LINE_OF_CODE":"477"}}
{"ts":1771595315036,"action":"FILE_CLOSED","file":"/Core/Src/main.c","tags":{"FILE_LINE_OF_CODE":"477"}}
{"ts":1771595315036,"action":"FILE_OPENED","file":"/SEGGER_RTT/SEGGER_RTT_Conf.h","tags":{"FILE_LINE_OF_CODE":"441"}}
{"ts":1771595320162,"action":"FILE_CLOSED","file":"/SEGGER_RTT/SEGGER_RTT_Conf.h","tags":{"FILE_LINE_OF_CODE":"441"}}
{"ts":1771595320162,"action":"FILE_OPENED","file":"/Core/Src/main.c","tags":{"FILE_LINE_OF_CODE":"477"}}
{"ts":1771595348850,"action":"IDE_DEACTIVATED"}
{"ts":1771595352298,"action":"IDE_ACTIVATED"}
{"ts":1771595365642,"action":"IDE_DEACTIVATED"}
{"ts":1771595379168,"action":"IDE_ACTIVATED"}
{"ts":1771595405955,"action":"IDE_DEACTIVATED"}
{"ts":1771595408448,"action":"IDE_ACTIVATED"}
{"ts":1771595489663,"action":"IDE_DEACTIVATED"}
{"ts":1771595494021,"action":"IDE_ACTIVATED"}
{"ts":1771595495396,"action":"IDE_DEACTIVATED"}
{"ts":1771595575022,"action":"IDE_ACTIVATED"}
{"ts":1771595576439,"action":"IDE_DEACTIVATED"}
{"ts":1771595579416,"action":"IDE_ACTIVATED"}
{"ts":1771595640460,"action":"IDE_DEACTIVATED"}
{"ts":1771595655045,"action":"IDE_ACTIVATED"}
{"ts":1771595665116,"action":"IDE_DEACTIVATED"}
{"ts":1771595745653,"action":"IDE_ACTIVATED"}
{"ts":1771595773948,"action":"IDE_DEACTIVATED"}
{"ts":1771595791892,"action":"IDE_ACTIVATED"}
{"ts":1771595845380,"action":"IDE_DEACTIVATED"}
{"ts":1771596049325,"action":"IDE_ACTIVATED"}
{"ts":1771596064899,"action":"IDE_DEACTIVATED"}
{"ts":1771596101633,"action":"IDE_ACTIVATED"}
{"ts":1771596116520,"action":"IDE_DEACTIVATED"}
{"ts":1771596144899,"action":"IDE_ACTIVATED"}
{"ts":1771596160204,"action":"IDE_DEACTIVATED"}
{"ts":1771596170367,"action":"IDE_ACTIVATED"}
{"ts":1771596193302,"action":"IDE_DEACTIVATED"}
{"ts":1771596454937,"action":"IDE_ACTIVATED"}
{"ts":1771596466162,"action":"IDE_DEACTIVATED"}
{"ts":1771596572453,"action":"IDE_ACTIVATED"}
{"ts":1771596573852,"action":"IDE_DEACTIVATED"}
{"ts":1771596588959,"action":"IDE_ACTIVATED"}
{"ts":1771596590603,"action":"IDE_DEACTIVATED"}
{"ts":1771596666177,"action":"IDE_ACTIVATED"}
{"ts":1771596669209,"action":"IDE_DEACTIVATED"}
{"ts":1771596850749,"action":"IDE_ACTIVATED"}
{"ts":1771596865709,"action":"IDE_DEACTIVATED"}
{"ts":1771596878857,"action":"IDE_ACTIVATED"}
{"ts":1771596881385,"action":"IDE_DEACTIVATED"}
{"ts":1771596899491,"action":"IDE_ACTIVATED"}
{"ts":1771596899494,"action":"IDE_DEACTIVATED"}
{"ts":1771597240936,"action":"IDE_ACTIVATED"}
{"ts":1771597253291,"action":"IDE_DEACTIVATED"}
{"ts":1771597273957,"action":"IDE_ACTIVATED"}
{"ts":1771597292910,"action":"IDE_DEACTIVATED"}
{"ts":1771597320745,"action":"IDE_ACTIVATED"}
{"ts":1771597336528,"action":"IDE_DEACTIVATED"}
{"ts":1771597346811,"action":"IDE_ACTIVATED"}
{"ts":1771597358427,"action":"FILE_CLOSED","file":"/Core/Src/main.c","tags":{"FILE_LINE_OF_CODE":"484"}}
{"ts":1771597358427,"action":"FILE_OPENED","file":"/SEGGER_RTT/SEGGER_RTT_Conf.h","tags":{"FILE_LINE_OF_CODE":"441"}}
{"ts":1771597360227,"action":"FILE_CLOSED","file":"/SEGGER_RTT/SEGGER_RTT_Conf.h","tags":{"FILE_LINE_OF_CODE":"441"}}
{"ts":1771597360227,"action":"FILE_OPENED","file":"/Core/Src/main.c","tags":{"FILE_LINE_OF_CODE":"484"}}
{"ts":1771597362422,"action":"IDE_DEACTIVATED"}
{"ts":1771597376022,"action":"IDE_ACTIVATED"}
{"ts":1771597380843,"action":"IDE_DEACTIVATED"}
{"ts":1771597442862,"action":"IDE_ACTIVATED"}
{"ts":1771597448893,"action":"IDE_DEACTIVATED"}
{"ts":1771597472136,"action":"IDE_ACTIVATED"}
{"ts":1771597472231,"action":"FILE_CLOSED","file":"/Core/Src/main.c","tags":{"FILE_LINE_OF_CODE":"484"}}
{"ts":1771597472231,"action":"FILE_OPENED","file":"/User_Architect/Src/user_ring_buffe.c","tags":{"FILE_LINE_OF_CODE":"261"}}
{"ts":1771597472965,"action":"FILE_CLOSED","file":"/User_Architect/Src/user_ring_buffe.c","tags":{"FILE_LINE_OF_CODE":"261"}}
{"ts":1771597472965,"action":"FILE_OPENED","file":"/SEGGER_RTT/SEGGER_RTT_Conf.h","tags":{"FILE_LINE_OF_CODE":"441"}}
{"ts":1771597476301,"action":"FILE_CLOSED","file":"/SEGGER_RTT/SEGGER_RTT_Conf.h","tags":{"FILE_LINE_OF_CODE":"441"}}
{"ts":1771597476301,"action":"FILE_OPENED","file":"/Core/Src/main.c","tags":{"FILE_LINE_OF_CODE":"484"}}
{"ts":1771597485095,"action":"FILE_CLOSED","file":"/Core/Src/main.c","tags":{"FILE_LINE_OF_CODE":"484"}}
{"ts":1771597485095,"action":"FILE_OPENED","file":"/User_Architect/Src/user_ring_buffe.c","tags":{"FILE_LINE_OF_CODE":"261"}}
{"ts":1771597486318,"action":"FILE_CLOSED","file":"/User_Architect/Src/user_ring_buffe.c","tags":{"FILE_LINE_OF_CODE":"261"}}
{"ts":1771597486318,"action":"FILE_OPENED","file":"/SEGGER_RTT/SEGGER_RTT_Conf.h","tags":{"FILE_LINE_OF_CODE":"441"}}
{"ts":1771597487852,"action":"FILE_CLOSED","file":"/SEGGER_RTT/SEGGER_RTT_Conf.h","tags":{"FILE_LINE_OF_CODE":"441"}}
{"ts":1771597487852,"action":"FILE_OPENED","file":"/Core/Src/main.c","tags":{"FILE_LINE_OF_CODE":"484"}}
{"ts":1771597495971,"action":"IDE_DEACTIVATED"}
{"ts":1771597518636,"action":"IDE_ACTIVATED"}
{"ts":1771597804454,"action":"FILE_CLOSED","file":"/Core/Src/main.c","tags":{"FILE_LINE_OF_CODE":"479"}}
{"ts":1771597828289,"action":"FILE_OPENED","file":"/Core/Src/main.c","tags":{"FILE_LINE_OF_CODE":"479"}}
{"ts":1771597838354,"action":"FILE_CLOSED","file":"/Core/Src/main.c","tags":{"FILE_LINE_OF_CODE":"479"}}
{"ts":1771597838354,"action":"FILE_OPENED","file":"/SEGGER_RTT/SEGGER_RTT_Conf.h","tags":{"FILE_LINE_OF_CODE":"441"}}
{"ts":1771597840038,"action":"FILE_CLOSED","file":"/SEGGER_RTT/SEGGER_RTT_Conf.h","tags":{"FILE_LINE_OF_CODE":"441"}}
{"ts":1771597840038,"action":"FILE_OPENED","file":"/Core/Src/main.c","tags":{"FILE_LINE_OF_CODE":"479"}}
{"ts":1771597846662,"action":"FILE_CLOSED","file":"/Core/Src/main.c","tags":{"FILE_LINE_OF_CODE":"479"}}
{"ts":1771597846662,"action":"FILE_OPENED","file":"/User_Architect/Src/user_ring_buffe.c","tags":{"FILE_LINE_OF_CODE":"261"}}
{"ts":1771597847408,"action":"FILE_CLOSED","file":"/User_Architect/Src/user_ring_buffe.c","tags":{"FILE_LINE_OF_CODE":"261"}}
{"ts":1771597847408,"action":"FILE_OPENED","file":"/Core/Src/main.c","tags":{"FILE_LINE_OF_CODE":"479"}}
{"ts":1771597880963,"action":"IDE_DEACTIVATED"}
{"ts":1771597883892,"action":"IDE_ACTIVATED"}
{"ts":1771597915450,"action":"FILE_CLOSED","file":"/Core/Src/main.c","tags":{"FILE_LINE_OF_CODE":"479"}}
{"ts":1771597915450,"action":"FILE_OPENED","file":"/Core/Inc/main.h","tags":{"FILE_LINE_OF_CODE":"74"}}
{"ts":1771597916541,"action":"FILE_CLOSED","file":"/Core/Inc/main.h","tags":{"FILE_LINE_OF_CODE":"74"}}
{"ts":1771597916541,"action":"FILE_OPENED","file":"/Core/Src/main.c","tags":{"FILE_LINE_OF_CODE":"479"}}
{"ts":1771597925958,"action":"IDE_DEACTIVATED"}
{"ts":1771598010184,"action":"IDE_ACTIVATED"}
{"ts":1771598021016,"action":"IDE_DEACTIVATED"}
{"ts":1771598077193,"action":"IDE_ACTIVATED"}
{"ts":1771598078844,"action":"IDE_DEACTIVATED"}
{"ts":1771598088525,"action":"IDE_ACTIVATED"}
{"ts":1771598090000,"action":"IDE_DEACTIVATED"}
{"ts":1771598092239,"action":"IDE_ACTIVATED"}
{"ts":1771598098337,"action":"IDE_DEACTIVATED"}
{"ts":1771598444622,"action":"IDE_ACTIVATED"}
{"ts":1771598449671,"action":"FILE_CLOSED","file":"/Core/Src/main.c","tags":{"FILE_LINE_OF_CODE":"479"}}
{"ts":1771598449671,"action":"FILE_OPENED","file":"/User_Algorithm/user_fir.h","tags":{"FILE_LINE_OF_CODE":"31"}}
{"ts":1771598454016,"action":"FILE_CLOSED","file":"/User_Algorithm/user_fir.h","tags":{"FILE_LINE_OF_CODE":"31"}}
{"ts":1771598454016,"action":"FILE_OPENED","file":"/User_Algorithm/Src/user_fir.c","tags":{"FILE_LINE_OF_CODE":"87"}}
{"ts":1771598456904,"action":"FILE_CLOSED","file":"/User_Algorithm/Src/user_fir.c","tags":{"FILE_LINE_OF_CODE":"87"}}
{"ts":1771598456904,"action":"FILE_OPENED","file":"/User_Algorithm/user_fir.h","tags":{"FILE_LINE_OF_CODE":"31"}}
{"ts":1771598464075,"action":"FILE_CLOSED","file":"/User_Algorithm/user_fir.h","tags":{"FILE_LINE_OF_CODE":"31"}}
{"ts":1771598464075,"action":"FILE_OPENED","file":"/User_Algorithm/Src/user_fir.c","tags":{"FILE_LINE_OF_CODE":"87"}}
{"ts":1771598465341,"action":"FILE_CLOSED","file":"/User_Algorithm/Src/user_fir.c","tags":{"FILE_LINE_OF_CODE":"87"}}
{"ts":1771598465341,"action":"FILE_OPENED","file":"/User_Algorithm/user_fir.h","tags":{"FILE_LINE_OF_CODE":"31"}}
{"ts":1771598498750,"action":"FILE_CLOSED","file":"/User_Algorithm/user_fir.h","tags":{"FILE_LINE_OF_CODE":"31"}}
{"ts":1771598498750,"action":"FILE_OPENED","file":"/User_Algorithm/Src/user_fir.c","tags":{"FILE_LINE_OF_CODE":"87"}}
{"ts":1771598500890,"action":"FILE_CLOSED","file":"/User_Algorithm/Src/user_fir.c","tags":{"FILE_LINE_OF_CODE":"87"}}
{"ts":1771598500890,"action":"FILE_OPENED","file":"/User_Algorithm/user_fir.h","tags":{"FILE_LINE_OF_CODE":"31"}}
{"ts":1771598510017,"action":"FILE_CLOSED","file":"/User_Algorithm/user_fir.h","tags":{"FILE_LINE_OF_CODE":"31"}}
{"ts":1771598510017,"action":"FILE_OPENED","file":"/User_Algorithm/Src/user_fir.c","tags":{"FILE_LINE_OF_CODE":"87"}}
{"ts":1771598517729,"action":"FILE_CLOSED","file":"/User_Algorithm/Src/user_fir.c","tags":{"FILE_LINE_OF_CODE":"87"}}
{"ts":1771598517729,"action":"FILE_OPENED","file":"/User_Algorithm/user_fir.h","tags":{"FILE_LINE_OF_CODE":"31"}}
{"ts":1771598523900,"action":"FILE_CLOSED","file":"/User_Algorithm/user_fir.h","tags":{"FILE_LINE_OF_CODE":"27"}}
{"ts":1771598523900,"action":"FILE_OPENED","file":"/User_Algorithm/Src/user_fir.c","tags":{"FILE_LINE_OF_CODE":"87"}}
{"ts":1771598542200,"action":"FILE_CLOSED","file":"/User_Algorithm/Src/user_fir.c","tags":{"FILE_LINE_OF_CODE":"59"}}
{"ts":1771598542200,"action":"FILE_OPENED","file":"/User_Algorithm/user_fir.h","tags":{"FILE_LINE_OF_CODE":"27"}}
{"ts":1771598546750,"action":"FILE_CLOSED","file":"/User_Algorithm/user_fir.h","tags":{"FILE_LINE_OF_CODE":"27"}}
{"ts":1771598546750,"action":"FILE_OPENED","file":"/User_Algorithm/user_coord.h","tags":{"FILE_LINE_OF_CODE":"173"}}
{"ts":1771598549685,"action":"FILE_CLOSED","file":"/User_Algorithm/user_coord.h","tags":{"FILE_LINE_OF_CODE":"173"}}
{"ts":1771598549685,"action":"FILE_OPENED","file":"/User_Algorithm/user_fir.h","tags":{"FILE_LINE_OF_CODE":"27"}}
{"ts":1771598552566,"action":"FILE_CLOSED","file":"/User_Algorithm/user_fir.h","tags":{"FILE_LINE_OF_CODE":"27"}}
{"ts":1771598552566,"action":"FILE_OPENED","file":"/User_Algorithm/user_coord.h","tags":{"FILE_LINE_OF_CODE":"173"}}
{"ts":1771598553027,"action":"FILE_CLOSED","file":"/User_Algorithm/user_coord.h","tags":{"FILE_LINE_OF_CODE":"173"}}
{"ts":1771598553027,"action":"FILE_OPENED","file":"/User_Algorithm/user_fir.h","tags":{"FILE_LINE_OF_CODE":"27"}}
{"ts":1771598553497,"action":"FILE_CLOSED","file":"/User_Algorithm/user_fir.h","tags":{"FILE_LINE_OF_CODE":"27"}}
{"ts":1771598553497,"action":"FILE_OPENED","file":"/User_Algorithm/Src/user_fir.c","tags":{"FILE_LINE_OF_CODE":"59"}}
{"ts":1771598556252,"action":"FILE_CLOSED","file":"/User_Algorithm/Src/user_fir.c","tags":{"FILE_LINE_OF_CODE":"59"}}
{"ts":1771598556253,"action":"FILE_OPENED","file":"/User_Algorithm/user_fir.h","tags":{"FILE_LINE_OF_CODE":"27"}}
{"ts":1771598558942,"action":"FILE_CLOSED","file":"/User_Algorithm/user_fir.h","tags":{"FILE_LINE_OF_CODE":"27"}}
{"ts":1771598558942,"action":"FILE_OPENED","file":"/User_Algorithm/Src/user_fir.c","tags":{"FILE_LINE_OF_CODE":"59"}}
{"ts":1771598559944,"action":"FILE_CLOSED","file":"/User_Algorithm/Src/user_fir.c","tags":{"FILE_LINE_OF_CODE":"59"}}
{"ts":1771598559944,"action":"FILE_OPENED","file":"/User_Algorithm/user_fir.h","tags":{"FILE_LINE_OF_CODE":"27"}}
{"ts":1771598574591,"action":"IDE_DEACTIVATED"}
{"ts":1771598585220,"action":"IDE_ACTIVATED"}
{"ts":1771598601283,"action":"FILE_CLOSED","file":"/User_Algorithm/user_fir.h","tags":{"FILE_LINE_OF_CODE":"27"}}
{"ts":1771598601283,"action":"FILE_OPENED","file":"/User_Algorithm/Src/user_fir.c","tags":{"FILE_LINE_OF_CODE":"59"}}
{"ts":1771598603202,"action":"FILE_CLOSED","file":"/User_Algorithm/Src/user_fir.c","tags":{"FILE_LINE_OF_CODE":"59"}}
{"ts":1771598603202,"action":"FILE_OPENED","file":"/User_Algorithm/user_fir.h","tags":{"FILE_LINE_OF_CODE":"27"}}
{"ts":1771598613912,"action":"FILE_CLOSED","file":"/User_Algorithm/user_fir.h","tags":{"FILE_LINE_OF_CODE":"27"}}
{"ts":1771598613912,"action":"FILE_OPENED","file":"/User_Algorithm/Src/user_fir.c","tags":{"FILE_LINE_OF_CODE":"59"}}
{"ts":1771598634099,"action":"IDE_DEACTIVATED"}
{"ts":1771598639592,"action":"IDE_ACTIVATED"}
{"ts":1771598641143,"action":"FILE_CLOSED","file":"/User_Algorithm/Src/user_fir.c","tags":{"FILE_LINE_OF_CODE":"59"}}
{"ts":1771598641143,"action":"FILE_OPENED","file":"/User_Algorithm/user_fir.h","tags":{"FILE_LINE_OF_CODE":"27"}}
{"ts":1771598645339,"action":"FILE_CLOSED","file":"/User_Algorithm/user_fir.h","tags":{"FILE_LINE_OF_CODE":"27"}}
{"ts":1771598645339,"action":"FILE_OPENED","file":"/User_Algorithm/Src/user_fir.c","tags":{"FILE_LINE_OF_CODE":"59"}}
{"ts":1771598715138,"action":"IDE_DEACTIVATED"}
{"ts":1771598719599,"action":"IDE_ACTIVATED"}
{"ts":1771598779251,"action":"FILE_CLOSED","file":"/User_Algorithm/Src/user_fir.c","tags":{"FILE_LINE_OF_CODE":"52"}}
{"ts":1771598779251,"action":"FILE_OPENED","file":"/User_Algorithm/user_fir.h","tags":{"FILE_LINE_OF_CODE":"27"}}
{"ts":1771598785034,"action":"FILE_CLOSED","file":"/User_Algorithm/user_fir.h","tags":{"FILE_LINE_OF_CODE":"27"}}
{"ts":1771598785034,"action":"FILE_OPENED","file":"/User_Algorithm/Src/user_fir.c","tags":{"FILE_LINE_OF_CODE":"52"}}
{"ts":1771598825557,"action":"IDE_DEACTIVATED"}
{"ts":1771598837407,"action":"IDE_ACTIVATED"}
{"ts":1771598910070,"action":"IDE_DEACTIVATED"}
{"ts":1771598911354,"action":"IDE_ACTIVATED"}
{"ts":1771598913190,"action":"IDE_DEACTIVATED"}
{"ts":1771599008510,"action":"IDE_ACTIVATED"}
{"ts":1771599008627,"action":"FILE_CLOSED","file":"/User_Algorithm/Src/user_fir.c","tags":{"FILE_LINE_OF_CODE":"52"}}
{"ts":1771599008627,"action":"FILE_OPENED","file":"/Core/Src/main.c","tags":{"FILE_LINE_OF_CODE":"479"}}
{"ts":1771599010713,"action":"FILE_CLOSED","file":"/Core/Src/main.c","tags":{"FILE_LINE_OF_CODE":"479"}}
{"ts":1771599010713,"action":"FILE_OPENED","file":"/User_Algorithm/Src/user_fir.c","tags":{"FILE_LINE_OF_CODE":"52"}}
{"ts":1771599011356,"action":"FILE_CLOSED","file":"/User_Algorithm/Src/user_fir.c","tags":{"FILE_LINE_OF_CODE":"52"}}
{"ts":1771599011356,"action":"FILE_OPENED","file":"/User_Algorithm/user_fir.h","tags":{"FILE_LINE_OF_CODE":"27"}}
{"ts":1771600825015,"action":"IDE_DEACTIVATED"}
{"ts":1771601415028,"action":"IDE_ACTIVATED"}
{"ts":1771601433449,"action":"FILE_CLOSED","file":"/User_Algorithm/user_fir.h","tags":{"FILE_LINE_OF_CODE":"27"}}
{"ts":1771601433449,"action":"FILE_OPENED","file":"/Core/Inc/bsp.h","tags":{"FILE_LINE_OF_CODE":"36"}}
{"ts":1771601442976,"action":"IDE_DEACTIVATED"}
{"ts":1771601447648,"action":"IDE_ACTIVATED"}
{"ts":1771601467614,"action":"IDE_DEACTIVATED"}
{"ts":1771601990400,"action":"IDE_ACTIVATED"}
{"ts":1771601992750,"action":"FILE_CLOSED","file":"/Core/Inc/bsp.h","tags":{"FILE_LINE_OF_CODE":"36"}}
{"ts":1771601992750,"action":"FILE_OPENED","file":"/Core/Src/main.c","tags":{"FILE_LINE_OF_CODE":"479"}}
{"ts":1771602005026,"action":"IDE_DEACTIVATED"}
{"ts":1771602005166,"action":"IDE_ACTIVATED"}
{"ts":1771602079921,"action":"IDE_DEACTIVATED"}
{"ts":1771602815754,"action":"IDE_ACTIVATED"}
{"ts":1771602818862,"action":"FILE_CLOSED","file":"/Core/Src/main.c","tags":{"FILE_LINE_OF_CODE":"478"}}
{"ts":1771602818862,"action":"FILE_OPENED","file":"/Core/Inc/main.h","tags":{"FILE_LINE_OF_CODE":"74"}}
{"ts":1771602831979,"action":"IDE_DEACTIVATED"}
{"ts":1771602835201,"action":"IDE_ACTIVATED"}
{"ts":1771602842344,"action":"FILE_CLOSED","file":"/Core/Inc/main.h","tags":{"FILE_LINE_OF_CODE":"74"}}
{"ts":1771602842344,"action":"FILE_OPENED","file":"/Core/Src/main.c","tags":{"FILE_LINE_OF_CODE":"478"}}
{"ts":1771602852682,"action":"FILE_CLOSED","file":"/Core/Src/main.c","tags":{"FILE_LINE_OF_CODE":"478"}}
{"ts":1771602852682,"action":"FILE_OPENED","file":"/User_Drives/user_pwm.h","tags":{"FILE_LINE_OF_CODE":"26"}}
{"ts":1771602871760,"action":"FILE_CLOSED","file":"/User_Drives/user_pwm.h","tags":{"FILE_LINE_OF_CODE":"26"}}
{"ts":1771602871760,"action":"FILE_OPENED","file":"/User_Drives/Src/user_pwm.c","tags":{"FILE_LINE_OF_CODE":"50"}}
{"ts":1771602919752,"action":"FILE_CLOSED","file":"/User_Drives/Src/user_pwm.c","tags":{"FILE_LINE_OF_CODE":"50"}}
{"ts":1771602919752,"action":"FILE_OPENED","file":"/User_Drives/user_pwm.h","tags":{"FILE_LINE_OF_CODE":"26"}}
{"ts":1771602934631,"action":"IDE_DEACTIVATED"}
{"ts":1771602959532,"action":"IDE_ACTIVATED"}
{"ts":1771602959617,"action":"FILE_CLOSED","file":"/User_Drives/user_pwm.h","tags":{"FILE_LINE_OF_CODE":"26"}}
{"ts":1771602959617,"action":"FILE_OPENED","file":"/User_Drives/Src/user_pwm.c","tags":{"FILE_LINE_OF_CODE":"50"}}
{"ts":1771602965227,"action":"IDE_DEACTIVATED"}
{"ts":1771603041456,"action":"IDE_ACTIVATED"}
{"ts":1771603059420,"action":"FILE_CLOSED","file":"/User_Drives/Src/user_pwm.c","tags":{"FILE_LINE_OF_CODE":"50"}}
{"ts":1771603059420,"action":"FILE_OPENED","file":"/User_Drives/user_pwm.h","tags":{"FILE_LINE_OF_CODE":"26"}}
{"ts":1771603454607,"action":"FILE_CLOSED","file":"/User_Drives/user_pwm.h","tags":{"FILE_LINE_OF_CODE":"26"}}
{"ts":1771603454607,"action":"FILE_OPENED","file":"/User_Drives/Src/user_pwm.c","tags":{"FILE_LINE_OF_CODE":"50"}}
{"ts":1771603513895,"action":"IDE_DEACTIVATED"}
{"ts":1771603958990,"action":"IDE_ACTIVATED"}
{"ts":1771603965791,"action":"FILE_CLOSED","file":"/User_Drives/Src/user_pwm.c","tags":{"FILE_LINE_OF_CODE":"50"}}
{"ts":1771603965791,"action":"FILE_OPENED","file":"/User_Drives/user_pwm.h","tags":{"FILE_LINE_OF_CODE":"26"}}
{"ts":1771603969106,"action":"FILE_CLOSED","file":"/User_Drives/user_pwm.h","tags":{"FILE_LINE_OF_CODE":"26"}}
{"ts":1771603969106,"action":"FILE_OPENED","file":"/User_Drives/Src/user_pwm.c","tags":{"FILE_LINE_OF_CODE":"50"}}
{"ts":1771603974677,"action":"IDE_DEACTIVATED"}
{"ts":1771604295515,"action":"IDE_ACTIVATED"}
{"ts":1771604424896,"action":"IDE_DEACTIVATED"}
{"ts":1771604425476,"action":"IDE_ACTIVATED"}
{"ts":1771604425640,"action":"IDE_DEACTIVATED"}
{"ts":1771604461290,"action":"IDE_ACTIVATED"}
{"ts":1771604463413,"action":"FILE_CLOSED","file":"/User_Drives/Src/user_pwm.c","tags":{"FILE_LINE_OF_CODE":"50"}}
{"ts":1771604463413,"action":"FILE_OPENED","file":"/Core/Src/main.c","tags":{"FILE_LINE_OF_CODE":"632"}}
{"ts":1771604486346,"action":"FILE_CLOSED","file":"/Core/Src/main.c","tags":{"FILE_LINE_OF_CODE":"633"}}
{"ts":1771604486346,"action":"FILE_OPENED","file":"/Core/Inc/bsp.h","tags":{"FILE_LINE_OF_CODE":"36"}}
{"ts":1771604526333,"action":"FILE_CLOSED","file":"/Core/Inc/bsp.h","tags":{"FILE_LINE_OF_CODE":"40"}}
{"ts":1771604526333,"action":"FILE_OPENED","file":"/Core/Src/bsp.c","tags":{"FILE_LINE_OF_CODE":"38"}}
{"ts":1771604547678,"action":"FILE_CLOSED","file":"/Core/Src/bsp.c","tags":{"FILE_LINE_OF_CODE":"40"}}
{"ts":1771604547678,"action":"FILE_OPENED","file":"/Core/Inc/bsp.h","tags":{"FILE_LINE_OF_CODE":"40"}}
{"ts":1771604555381,"action":"FILE_CLOSED","file":"/Core/Inc/bsp.h","tags":{"FILE_LINE_OF_CODE":"40"}}
{"ts":1771604555381,"action":"FILE_OPENED","file":"/Core/Src/bsp.c","tags":{"FILE_LINE_OF_CODE":"40"}}
{"ts":1771604571890,"action":"FILE_CLOSED","file":"/Core/Src/bsp.c","tags":{"FILE_LINE_OF_CODE":"40"}}
{"ts":1771604571891,"action":"FILE_OPENED","file":"/Core/Inc/bsp.h","tags":{"FILE_LINE_OF_CODE":"40"}}
{"ts":1771604573149,"action":"FILE_CLOSED","file":"/Core/Inc/bsp.h","tags":{"FILE_LINE_OF_CODE":"40"}}
{"ts":1771604573149,"action":"FILE_OPENED","file":"/User_Algorithm/user_fir.h","tags":{"FILE_LINE_OF_CODE":"27"}}
{"ts":1771604574111,"action":"FILE_CLOSED","file":"/User_Algorithm/user_fir.h","tags":{"FILE_LINE_OF_CODE":"27"}}
{"ts":1771604574111,"action":"FILE_OPENED","file":"/Core/Src/main.c","tags":{"FILE_LINE_OF_CODE":"633"}}
{"ts":1771604823750,"action":"IDE_DEACTIVATED"}
{"ts":1771605207021,"action":"IDE_ACTIVATED"}
{"ts":1771605208134,"action":"FILE_CLOSED","file":"/Core/Src/main.c","tags":{"FILE_LINE_OF_CODE":"716"}}
{"ts":1771605208134,"action":"FILE_OPENED","file":"/User_Drives/Src/user_pwm.c","tags":{"FILE_LINE_OF_CODE":"50"}}
{"ts":1771605216798,"action":"FILE_CLOSED","file":"/User_Drives/Src/user_pwm.c","tags":{"FILE_LINE_OF_CODE":"50"}}
{"ts":1771605216798,"action":"FILE_OPENED","file":"/User_Drives/user_pwm.h","tags":{"FILE_LINE_OF_CODE":"26"}}
{"ts":1771605221747,"action":"FILE_CLOSED","file":"/User_Drives/user_pwm.h","tags":{"FILE_LINE_OF_CODE":"26"}}
{"ts":1771605221747,"action":"FILE_OPENED","file":"/User_Drives/Src/user_pwm.c","tags":{"FILE_LINE_OF_CODE":"50"}}
{"ts":1771605224846,"action":"FILE_CLOSED","file":"/User_Drives/Src/user_pwm.c","tags":{"FILE_LINE_OF_CODE":"50"}}
{"ts":1771605224846,"action":"FILE_OPENED","file":"/Core/Src/main.c","tags":{"FILE_LINE_OF_CODE":"716"}}
{"ts":1771605256143,"action":"IDE_DEACTIVATED"}
{"ts":1771605258879,"action":"IDE_ACTIVATED"}
{"ts":1771605324003,"action":"FILE_CLOSED","file":"/Core/Src/main.c","tags":{"FILE_LINE_OF_CODE":"717"}}
{"ts":1771605324003,"action":"FILE_OPENED","file":"/User_Drives/Src/user_pwm.c","tags":{"FILE_LINE_OF_CODE":"50"}}
{"ts":1771605467604,"action":"FILE_CLOSED","file":"/User_Drives/Src/user_pwm.c","tags":{"FILE_LINE_OF_CODE":"53"}}
{"ts":1771605467604,"action":"FILE_OPENED","file":"/User_Drives/user_pwm.h","tags":{"FILE_LINE_OF_CODE":"26"}}
{"ts":1771605468561,"action":"FILE_CLOSED","file":"/User_Drives/user_pwm.h","tags":{"FILE_LINE_OF_CODE":"26"}}
{"ts":1771605468561,"action":"FILE_OPENED","file":"/Core/Src/main.c","tags":{"FILE_LINE_OF_CODE":"717"}}
{"ts":1771605479339,"action":"FILE_CLOSED","file":"/Core/Src/main.c","tags":{"FILE_LINE_OF_CODE":"717"}}
{"ts":1771605479339,"action":"FILE_OPENED","file":"/User_Drives/user_pwm.h","tags":{"FILE_LINE_OF_CODE":"26"}}
{"ts":1771605486858,"action":"FILE_CLOSED","file":"/User_Drives/user_pwm.h","tags":{"FILE_LINE_OF_CODE":"26"}}
{"ts":1771605486858,"action":"FILE_OPENED","file":"/Core/Src/main.c","tags":{"FILE_LINE_OF_CODE":"717"}}
{"ts":1771605490511,"action":"FILE_CLOSED","file":"/Core/Src/main.c","tags":{"FILE_LINE_OF_CODE":"717"}}
{"ts":1771605490511,"action":"FILE_OPENED","file":"/User_Drives/Src/user_pwm.c","tags":{"FILE_LINE_OF_CODE":"53"}}
{"ts":1771605492076,"action":"FILE_CLOSED","file":"/User_Drives/Src/user_pwm.c","tags":{"FILE_LINE_OF_CODE":"53"}}
{"ts":1771605492076,"action":"FILE_OPENED","file":"/User_Drives/user_pwm.h","tags":{"FILE_LINE_OF_CODE":"26"}}
{"ts":1771605494436,"action":"FILE_CLOSED","file":"/User_Drives/user_pwm.h","tags":{"FILE_LINE_OF_CODE":"26"}}
{"ts":1771605494436,"action":"FILE_OPENED","file":"/User_Drives/Src/user_pwm.c","tags":{"FILE_LINE_OF_CODE":"53"}}
{"ts":1771605521308,"action":"FILE_CLOSED","file":"/User_Drives/Src/user_pwm.c","tags":{"FILE_LINE_OF_CODE":"53"}}
{"ts":1771605521308,"action":"FILE_OPENED","file":"/User_Drives/user_pwm.h","tags":{"FILE_LINE_OF_CODE":"26"}}
{"ts":1771605523610,"action":"FILE_CLOSED","file":"/User_Drives/user_pwm.h","tags":{"FILE_LINE_OF_CODE":"26"}}
{"ts":1771605523610,"action":"FILE_OPENED","file":"/Core/Src/main.c","tags":{"FILE_LINE_OF_CODE":"717"}}
{"ts":1771605533241,"action":"FILE_CLOSED","file":"/Core/Src/main.c","tags":{"FILE_LINE_OF_CODE":"717"}}
{"ts":1771605533241,"action":"FILE_OPENED","file":"/User_Algorithm/Src/user_fir.c","tags":{"FILE_LINE_OF_CODE":"52"}}
{"ts":1771605534057,"action":"FILE_CLOSED","file":"/User_Algorithm/Src/user_fir.c","tags":{"FILE_LINE_OF_CODE":"52"}}
{"ts":1771605534057,"action":"FILE_OPENED","file":"/User_Algorithm/user_fir.h","tags":{"FILE_LINE_OF_CODE":"27"}}
{"ts":1771605534784,"action":"FILE_CLOSED","file":"/User_Algorithm/user_fir.h","tags":{"FILE_LINE_OF_CODE":"27"}}
{"ts":1771605534784,"action":"FILE_OPENED","file":"/User_Drives/Src/user_pwm.c","tags":{"FILE_LINE_OF_CODE":"53"}}
{"ts":1771605700956,"action":"IDE_DEACTIVATED"}
{"ts":1771605909695,"action":"IDE_ACTIVATED"}
{"ts":1771605909795,"action":"FILE_CLOSED","file":"/User_Drives/Src/user_pwm.c","tags":{"FILE_LINE_OF_CODE":"53"}}
{"ts":1771605909795,"action":"FILE_OPENED","file":"/Core/Src/main.c","tags":{"FILE_LINE_OF_CODE":"717"}}
{"ts":1771606066827,"action":"IDE_DEACTIVATED"}
{"ts":1771606100213,"action":"IDE_ACTIVATED"}
{"ts":1771606101642,"action":"FILE_CLOSED","file":"/Core/Src/main.c","tags":{"FILE_LINE_OF_CODE":"717"}}
{"ts":1771606101642,"action":"FILE_OPENED","file":"/User_Drives/Src/user_pwm.c","tags":{"FILE_LINE_OF_CODE":"53"}}
{"ts":1771606136467,"action":"IDE_DEACTIVATED"}
{"ts":1771606153570,"action":"IDE_ACTIVATED"}
{"ts":1771606172031,"action":"FILE_CLOSED","file":"/User_Drives/Src/user_pwm.c","tags":{"FILE_LINE_OF_CODE":"53"}}
{"ts":1771606172031,"action":"FILE_OPENED","file":"/User_Drives/user_pwm.h","tags":{"FILE_LINE_OF_CODE":"26"}}
{"ts":1771606179018,"action":"IDE_DEACTIVATED"}
{"ts":1771606248086,"action":"IDE_ACTIVATED"}
{"ts":1771606304808,"action":"IDE_DEACTIVATED"}
{"ts":1771606304927,"action":"IDE_ACTIVATED"}
{"ts":1771606307294,"action":"IDE_DEACTIVATED"}
{"ts":1771606310387,"action":"IDE_ACTIVATED"}
{"ts":1771606314555,"action":"FILE_CLOSED","file":"/User_Drives/user_pwm.h","tags":{"FILE_LINE_OF_CODE":"26"}}
{"ts":1771606314555,"action":"FILE_OPENED","file":"/User_Drives/Src/user_pwm.c","tags":{"FILE_LINE_OF_CODE":"53"}}
{"ts":1771606338398,"action":"FILE_CLOSED","file":"/User_Drives/Src/user_pwm.c","tags":{"FILE_LINE_OF_CODE":"53"}}
{"ts":1771606338398,"action":"FILE_OPENED","file":"/User_Drives/user_pwm.h","tags":{"FILE_LINE_OF_CODE":"26"}}
{"ts":1771606339522,"action":"FILE_CLOSED","file":"/User_Drives/user_pwm.h","tags":{"FILE_LINE_OF_CODE":"26"}}
{"ts":1771606339522,"action":"FILE_OPENED","file":"/Core/Src/main.c","tags":{"FILE_LINE_OF_CODE":"717"}}
{"ts":1771606341074,"action":"FILE_CLOSED","file":"/Core/Src/main.c","tags":{"FILE_LINE_OF_CODE":"717"}}
{"ts":1771606341074,"action":"FILE_OPENED","file":"/User_Drives/user_pwm.h","tags":{"FILE_LINE_OF_CODE":"26"}}
{"ts":1771606343311,"action":"FILE_CLOSED","file":"/User_Drives/user_pwm.h","tags":{"FILE_LINE_OF_CODE":"26"}}
{"ts":1771606343311,"action":"FILE_OPENED","file":"/User_Drives/Src/user_pwm.c","tags":{"FILE_LINE_OF_CODE":"53"}}
{"ts":1771606345499,"action":"FILE_CLOSED","file":"/User_Drives/Src/user_pwm.c","tags":{"FILE_LINE_OF_CODE":"53"}}
{"ts":1771606345499,"action":"FILE_OPENED","file":"/Core/Src/main.c","tags":{"FILE_LINE_OF_CODE":"717"}}
{"ts":1771606353758,"action":"IDE_DEACTIVATED"}
{"ts":1771606480191,"action":"IDE_ACTIVATED"}
{"ts":1771606598861,"action":"IDE_DEACTIVATED"}
{"ts":1771606611777,"action":"IDE_ACTIVATED"}
{"ts":1771606665355,"action":"IDE_DEACTIVATED"}
{"ts":1771606668178,"action":"IDE_ACTIVATED"}
{"ts":1771606706576,"action":"FILE_CLOSED","file":"/Core/Src/main.c","tags":{"FILE_LINE_OF_CODE":"719"}}
{"ts":1771606706576,"action":"FILE_OPENED","file":"/User_Lib/bad_apple.h","tags":{"FILE_LINE_OF_CODE":"122"}}
{"ts":1771606712205,"action":"FILE_CLOSED","file":"/User_Lib/bad_apple.h","tags":{"FILE_LINE_OF_CODE":"122"}}
{"ts":1771606712205,"action":"FILE_OPENED","file":"/Core/Src/main.c","tags":{"FILE_LINE_OF_CODE":"719"}}
{"ts":1771606722219,"action":"FILE_CLOSED","file":"/Core/Src/main.c","tags":{"FILE_LINE_OF_CODE":"719"}}
{"ts":1771606722219,"action":"FILE_OPENED","file":"/Core/Src/bsp.c","tags":{"FILE_LINE_OF_CODE":"40"}}
{"ts":1771606724497,"action":"FILE_CLOSED","file":"/Core/Src/bsp.c","tags":{"FILE_LINE_OF_CODE":"40"}}
{"ts":1771606724498,"action":"FILE_OPENED","file":"/Core/Inc/bsp.h","tags":{"FILE_LINE_OF_CODE":"40"}}
{"ts":1771606748257,"action":"FILE_CLOSED","file":"/Core/Inc/bsp.h","tags":{"FILE_LINE_OF_CODE":"42"}}
{"ts":1771606748257,"action":"FILE_OPENED","file":"/User_Lib/bad_apple.h","tags":{"FILE_LINE_OF_CODE":"122"}}
{"ts":1771606753224,"action":"FILE_CLOSED","file":"/User_Lib/bad_apple.h","tags":{"FILE_LINE_OF_CODE":"122"}}
{"ts":1771606753224,"action":"FILE_OPENED","file":"/Core/Inc/main.h","tags":{"FILE_LINE_OF_CODE":"88"}}
{"ts":1771606754246,"action":"FILE_CLOSED","file":"/Core/Inc/main.h","tags":{"FILE_LINE_OF_CODE":"88"}}
{"ts":1771606754246,"action":"FILE_OPENED","file":"/Core/Src/main.c","tags":{"FILE_LINE_OF_CODE":"719"}}
{"ts":1771606756444,"action":"FILE_CLOSED","file":"/Core/Src/main.c","tags":{"FILE_LINE_OF_CODE":"719"}}
{"ts":1771606756445,"action":"FILE_OPENED","file":"/User_Lib/bad_apple.h","tags":{"FILE_LINE_OF_CODE":"122"}}
{"ts":1771606759124,"action":"FILE_CLOSED","file":"/User_Lib/bad_apple.h","tags":{"FILE_LINE_OF_CODE":"122"}}
{"ts":1771606759124,"action":"FILE_OPENED","file":"/Core/Src/bsp.c","tags":{"FILE_LINE_OF_CODE":"40"}}
{"ts":1771606760390,"action":"FILE_CLOSED","file":"/Core/Src/bsp.c","tags":{"FILE_LINE_OF_CODE":"40"}}
{"ts":1771606760390,"action":"FILE_OPENED","file":"/Core/Src/main.c","tags":{"FILE_LINE_OF_CODE":"719"}}
{"ts":1771606798822,"action":"FILE_CLOSED","file":"/Core/Src/main.c","tags":{"FILE_LINE_OF_CODE":"720"}}
{"ts":1771606798822,"action":"FILE_OPENED","file":"/User_Lib/bad_apple.h","tags":{"FILE_LINE_OF_CODE":"122"}}
{"ts":1771606802713,"action":"FILE_CLOSED","file":"/User_Lib/bad_apple.h","tags":{"FILE_LINE_OF_CODE":"122"}}
{"ts":1771606802713,"action":"FILE_OPENED","file":"/Core/Src/bsp.c","tags":{"FILE_LINE_OF_CODE":"40"}}
{"ts":1771606803940,"action":"FILE_CLOSED","file":"/Core/Src/bsp.c","tags":{"FILE_LINE_OF_CODE":"40"}}
{"ts":1771606803940,"action":"FILE_OPENED","file":"/Core/Inc/bsp.h","tags":{"FILE_LINE_OF_CODE":"42"}}
{"ts":1771606805749,"action":"FILE_CLOSED","file":"/Core/Inc/bsp.h","tags":{"FILE_LINE_OF_CODE":"42"}}
{"ts":1771606805749,"action":"FILE_OPENED","file":"/Core/Src/main.c","tags":{"FILE_LINE_OF_CODE":"720"}}
{"ts":1771606822835,"action":"FILE_CLOSED","file":"/Core/Src/main.c","tags":{"FILE_LINE_OF_CODE":"720"}}
{"ts":1771606822835,"action":"FILE_OPENED","file":"/User_Lib/bad_apple.h","tags":{"FILE_LINE_OF_CODE":"122"}}
{"ts":1771606839562,"action":"FILE_CLOSED","file":"/User_Lib/bad_apple.h","tags":{"FILE_LINE_OF_CODE":"122"}}
{"ts":1771606839562,"action":"FILE_OPENED","file":"/Core/Inc/bsp.h","tags":{"FILE_LINE_OF_CODE":"42"}}
{"ts":1771606841420,"action":"FILE_CLOSED","file":"/Core/Inc/bsp.h","tags":{"FILE_LINE_OF_CODE":"42"}}
{"ts":1771606841420,"action":"FILE_OPENED","file":"/Core/Src/bsp.c","tags":{"FILE_LINE_OF_CODE":"40"}}
{"ts":1771606842739,"action":"FILE_CLOSED","file":"/Core/Src/bsp.c","tags":{"FILE_LINE_OF_CODE":"40"}}
{"ts":1771606842739,"action":"FILE_OPENED","file":"/Core/Src/main.c","tags":{"FILE_LINE_OF_CODE":"720"}}
{"ts":1771606856807,"action":"FILE_CLOSED","file":"/Core/Src/main.c","tags":{"FILE_LINE_OF_CODE":"720"}}
{"ts":1771606856807,"action":"FILE_OPENED","file":"/User_Lib/bad_apple.h","tags":{"FILE_LINE_OF_CODE":"122"}}
{"ts":1771606868920,"action":"FILE_CLOSED","file":"/User_Lib/bad_apple.h","tags":{"FILE_LINE_OF_CODE":"122"}}
{"ts":1771606868920,"action":"FILE_OPENED","file":"/Core/Inc/main.h","tags":{"FILE_LINE_OF_CODE":"88"}}
{"ts":1771606870109,"action":"FILE_CLOSED","file":"/Core/Inc/main.h","tags":{"FILE_LINE_OF_CODE":"88"}}
{"ts":1771606870109,"action":"FILE_OPENED","file":"/Core/Inc/bsp.h","tags":{"FILE_LINE_OF_CODE":"42"}}
{"ts":1771606870960,"action":"FILE_CLOSED","file":"/Core/Inc/bsp.h","tags":{"FILE_LINE_OF_CODE":"42"}}
{"ts":1771606870961,"action":"FILE_OPENED","file":"/Core/Src/main.c","tags":{"FILE_LINE_OF_CODE":"720"}}
{"ts":1771606901491,"action":"FILE_CLOSED","file":"/Core/Src/main.c","tags":{"FILE_LINE_OF_CODE":"720"}}
{"ts":1771606901491,"action":"FILE_OPENED","file":"/Core/Inc/bsp.h","tags":{"FILE_LINE_OF_CODE":"42"}}
{"ts":1771606915613,"action":"FILE_CLOSED","file":"/Core/Inc/bsp.h","tags":{"FILE_LINE_OF_CODE":"42"}}
{"ts":1771606915613,"action":"FILE_OPENED","file":"/Core/Inc/main.h","tags":{"FILE_LINE_OF_CODE":"88"}}
{"ts":1771606916191,"action":"FILE_CLOSED","file":"/Core/Inc/main.h","tags":{"FILE_LINE_OF_CODE":"88"}}
{"ts":1771606916191,"action":"FILE_OPENED","file":"/Core/Src/main.c","tags":{"FILE_LINE_OF_CODE":"720"}}
{"ts":1771606917066,"action":"FILE_CLOSED","file":"/Core/Src/main.c","tags":{"FILE_LINE_OF_CODE":"720"}}
{"ts":1771606917066,"action":"FILE_OPENED","file":"/Core/Src/bsp.c","tags":{"FILE_LINE_OF_CODE":"40"}}
{"ts":1771606918558,"action":"FILE_CLOSED","file":"/Core/Src/bsp.c","tags":{"FILE_LINE_OF_CODE":"40"}}
{"ts":1771606918558,"action":"FILE_OPENED","file":"/Core/Inc/bsp.h","tags":{"FILE_LINE_OF_CODE":"42"}}
{"ts":1771606920081,"action":"FILE_CLOSED","file":"/Core/Inc/bsp.h","tags":{"FILE_LINE_OF_CODE":"42"}}
{"ts":1771606920081,"action":"FILE_OPENED","file":"/Core/Src/main.c","tags":{"FILE_LINE_OF_CODE":"720"}}
{"ts":1771606921436,"action":"FILE_CLOSED","file":"/Core/Src/main.c","tags":{"FILE_LINE_OF_CODE":"720"}}
{"ts":1771606921436,"action":"FILE_OPENED","file":"/Core/Inc/main.h","tags":{"FILE_LINE_OF_CODE":"88"}}
{"ts":1771606922401,"action":"FILE_CLOSED","file":"/Core/Inc/main.h","tags":{"FILE_LINE_OF_CODE":"88"}}
{"ts":1771606922401,"action":"FILE_OPENED","file":"/Core/Src/main.c","tags":{"FILE_LINE_OF_CODE":"720"}}
{"ts":1771606941424,"action":"FILE_CLOSED","file":"/Core/Src/main.c","tags":{"FILE_LINE_OF_CODE":"720"}}
{"ts":1771606941424,"action":"FILE_OPENED","file":"/User_Lib/bad_apple.h","tags":{"FILE_LINE_OF_CODE":"122"}}
{"ts":1771606944686,"action":"FILE_CLOSED","file":"/User_Lib/bad_apple.h","tags":{"FILE_LINE_OF_CODE":"122"}}
{"ts":1771606944686,"action":"FILE_OPENED","file":"/Core/Src/bsp.c","tags":{"FILE_LINE_OF_CODE":"40"}}
{"ts":1771606945238,"action":"FILE_CLOSED","file":"/Core/Src/bsp.c","tags":{"FILE_LINE_OF_CODE":"40"}}
{"ts":1771606945238,"action":"FILE_OPENED","file":"/Core/Src/main.c","tags":{"FILE_LINE_OF_CODE":"720"}}
{"ts":1771607006659,"action":"FILE_CLOSED","file":"/Core/Src/main.c","tags":{"FILE_LINE_OF_CODE":"721"}}
{"ts":1771607006659,"action":"FILE_OPENED","file":"/Core/Src/bsp.c","tags":{"FILE_LINE_OF_CODE":"40"}}
{"ts":1771607012368,"action":"FILE_CLOSED","file":"/Core/Src/bsp.c","tags":{"FILE_LINE_OF_CODE":"40"}}
{"ts":1771607012368,"action":"FILE_OPENED","file":"/Core/Inc/bsp.h","tags":{"FILE_LINE_OF_CODE":"42"}}
{"ts":1771607018880,"action":"FILE_CLOSED","file":"/Core/Inc/bsp.h","tags":{"FILE_LINE_OF_CODE":"39"}}
{"ts":1771607018880,"action":"FILE_OPENED","file":"/Core/Src/main.c","tags":{"FILE_LINE_OF_CODE":"721"}}
{"ts":1771607036436,"action":"FILE_CLOSED","file":"/Core/Src/main.c","tags":{"FILE_LINE_OF_CODE":"724"}}
{"ts":1771607036436,"action":"FILE_OPENED","file":"/Core/Src/bsp.c","tags":{"FILE_LINE_OF_CODE":"40"}}
{"ts":1771607037844,"action":"FILE_CLOSED","file":"/Core/Src/bsp.c","tags":{"FILE_LINE_OF_CODE":"40"}}
{"ts":1771607037844,"action":"FILE_OPENED","file":"/Core/Src/main.c","tags":{"FILE_LINE_OF_CODE":"724"}}
{"ts":1771607041826,"action":"FILE_CLOSED","file":"/Core/Src/main.c","tags":{"FILE_LINE_OF_CODE":"724"}}
{"ts":1771607041826,"action":"FILE_OPENED","file":"/Core/Src/bsp.c","tags":{"FILE_LINE_OF_CODE":"40"}}
{"ts":1771607043170,"action":"FILE_CLOSED","file":"/Core/Src/bsp.c","tags":{"FILE_LINE_OF_CODE":"40"}}
{"ts":1771607043171,"action":"FILE_OPENED","file":"/Core/Inc/bsp.h","tags":{"FILE_LINE_OF_CODE":"39"}}
{"ts":1771607044036,"action":"FILE_CLOSED","file":"/Core/Inc/bsp.h","tags":{"FILE_LINE_OF_CODE":"39"}}
{"ts":1771607044036,"action":"FILE_OPENED","file":"/Core/Src/main.c","tags":{"FILE_LINE_OF_CODE":"724"}}
{"ts":1771607061675,"action":"IDE_DEACTIVATED"}
{"ts":1771607063544,"action":"IDE_ACTIVATED"}
{"ts":1771607093177,"action":"IDE_DEACTIVATED"}
{"ts":1771607099608,"action":"IDE_ACTIVATED"}
{"ts":1771607099715,"action":"FILE_CLOSED","file":"/Core/Src/main.c","tags":{"FILE_LINE_OF_CODE":"724"}}
{"ts":1771607099715,"action":"FILE_OPENED","file":"/User_Lib/bad_apple.h","tags":{"FILE_LINE_OF_CODE":"122"}}
{"ts":1771607109383,"action":"FILE_CLOSED","file":"/User_Lib/bad_apple.h","tags":{"FILE_LINE_OF_CODE":"122"}}
{"ts":1771607109383,"action":"FILE_OPENED","file":"/Core/Src/main.c","tags":{"FILE_LINE_OF_CODE":"724"}}
{"ts":1771607115482,"action":"IDE_DEACTIVATED"}
{"ts":1771607115620,"action":"IDE_ACTIVATED"}
{"ts":1771607117145,"action":"IDE_DEACTIVATED"}
{"ts":1771607117237,"action":"IDE_ACTIVATED"}
{"ts":1771607122678,"action":"IDE_DEACTIVATED"}
{"ts":1771607140051,"action":"IDE_ACTIVATED"}
{"ts":1771607188777,"action":"IDE_DEACTIVATED"}
{"ts":1771607197333,"action":"IDE_ACTIVATED"}
{"ts":1771607233511,"action":"IDE_DEACTIVATED"}
{"ts":1771607240235,"action":"IDE_ACTIVATED"}
{"ts":1771607395450,"action":"IDE_DEACTIVATED"}
{"ts":1771607402138,"action":"IDE_ACTIVATED"}
{"ts":1771607948607,"action":"FILE_CLOSED","file":"/Core/Src/main.c","tags":{"FILE_LINE_OF_CODE":"724"}}
{"ts":1771607948607,"action":"FILE_OPENED","file":"/User_Drives/Src/user_pwm.c","tags":{"FILE_LINE_OF_CODE":"53"}}
{"ts":1771608038790,"action":"FILE_CLOSED","file":"/User_Drives/Src/user_pwm.c","tags":{"FILE_LINE_OF_CODE":"53"}}
{"ts":1771608038790,"action":"FILE_OPENED","file":"/Core/Src/main.c","tags":{"FILE_LINE_OF_CODE":"724"}}
{"ts":1771608046393,"action":"FILE_CLOSED","file":"/Core/Src/main.c","tags":{"FILE_LINE_OF_CODE":"724"}}
{"ts":1771608046393,"action":"FILE_OPENED","file":"/User_Drives/Src/user_pwm.c","tags":{"FILE_LINE_OF_CODE":"53"}}
{"ts":1771608073080,"action":"FILE_CLOSED","file":"/User_Drives/Src/user_pwm.c","tags":{"FILE_LINE_OF_CODE":"53"}}
{"ts":1771608073080,"action":"FILE_OPENED","file":"/Core/Src/main.c","tags":{"FILE_LINE_OF_CODE":"724"}}
{"ts":1771608138663,"action":"IDE_DEACTIVATED"}
{"ts":1771608257462,"action":"IDE_ACTIVATED"}
{"ts":1771608296246,"action":"IDE_DEACTIVATED"}
{"ts":1771608329147,"action":"IDE_ACTIVATED"}
{"ts":1771608497471,"action":"FILE_CLOSED","file":"/Core/Src/main.c","tags":{"FILE_LINE_OF_CODE":"720"}}
{"ts":1771608497471,"action":"FILE_OPENED","file":"/Core/Inc/stm32f4xx_it.h","tags":{"FILE_LINE_OF_CODE":"80"}}
{"ts":1771608498528,"action":"FILE_CLOSED","file":"/Core/Inc/stm32f4xx_it.h","tags":{"FILE_LINE_OF_CODE":"80"}}
{"ts":1771608498528,"action":"FILE_OPENED","file":"/Core/Src/stm32f4xx_it.c","tags":{"FILE_LINE_OF_CODE":"399"}}
{"ts":1771608554754,"action":"FILE_CLOSED","file":"/Core/Src/stm32f4xx_it.c","tags":{"FILE_LINE_OF_CODE":"403"}}
{"ts":1771608554754,"action":"FILE_OPENED","file":"/Core/Src/main.c","tags":{"FILE_LINE_OF_CODE":"720"}}
{"ts":1771608564633,"action":"FILE_CLOSED","file":"/Core/Src/main.c","tags":{"FILE_LINE_OF_CODE":"717"}}
{"ts":1771608564633,"action":"FILE_OPENED","file":"/Core/Inc/stm32f4xx_it.h","tags":{"FILE_LINE_OF_CODE":"80"}}
{"ts":1771608565258,"action":"FILE_CLOSED","file":"/Core/Inc/stm32f4xx_it.h","tags":{"FILE_LINE_OF_CODE":"80"}}
{"ts":1771608565258,"action":"FILE_OPENED","file":"/Core/Src/stm32f4xx_it.c","tags":{"FILE_LINE_OF_CODE":"403"}}
{"ts":1771608587800,"action":"IDE_DEACTIVATED"}
{"ts":1771608595405,"action":"IDE_ACTIVATED"}
{"ts":1771608632155,"action":"FILE_CLOSED","file":"/Core/Src/stm32f4xx_it.c","tags":{"FILE_LINE_OF_CODE":"404"}}
{"ts":1771608632155,"action":"FILE_OPENED","file":"/User_Lib/music.h","tags":{"FILE_LINE_OF_CODE":"122"}}
{"ts":1771608635623,"action":"FILE_CLOSED","file":"/User_Lib/music.h","tags":{"FILE_LINE_OF_CODE":"122"}}
{"ts":1771608635623,"action":"FILE_OPENED","file":"/Core/Inc/bsp.h","tags":{"FILE_LINE_OF_CODE":"39"}}
{"ts":1771608637777,"action":"FILE_CLOSED","file":"/Core/Inc/bsp.h","tags":{"FILE_LINE_OF_CODE":"39"}}
{"ts":1771608637777,"action":"FILE_OPENED","file":"/Core/Inc/stm32f4xx_it.h","tags":{"FILE_LINE_OF_CODE":"80"}}
{"ts":1771608640012,"action":"FILE_CLOSED","file":"/Core/Inc/stm32f4xx_it.h","tags":{"FILE_LINE_OF_CODE":"80"}}
{"ts":1771608640012,"action":"FILE_OPENED","file":"/Core/Src/stm32f4xx_it.c","tags":{"FILE_LINE_OF_CODE":"404"}}
{"ts":1771608767948,"action":"IDE_DEACTIVATED"}
{"ts":1771608781953,"action":"IDE_ACTIVATED"}
{"ts":1771609157128,"action":"IDE_DEACTIVATED"}
{"ts":1771609187597,"action":"IDE_ACTIVATED"}
{"ts":1771609196188,"action":"FILE_CLOSED","file":"/Core/Src/stm32f4xx_it.c","tags":{"FILE_LINE_OF_CODE":"411"}}
{"ts":1771609196188,"action":"FILE_OPENED","file":"/Core/Src/bsp.c","tags":{"FILE_LINE_OF_CODE":"40"}}
{"ts":1771609197063,"action":"FILE_CLOSED","file":"/Core/Src/bsp.c","tags":{"FILE_LINE_OF_CODE":"40"}}
{"ts":1771609197063,"action":"FILE_OPENED","file":"/Core/Src/stm32f4xx_it.c","tags":{"FILE_LINE_OF_CODE":"411"}}
{"ts":1771609214994,"action":"FILE_CLOSED","file":"/Core/Src/stm32f4xx_it.c","tags":{"FILE_LINE_OF_CODE":"411"}}
{"ts":1771609214994,"action":"FILE_OPENED","file":"/User_Lib/music.h","tags":{"FILE_LINE_OF_CODE":"122"}}
{"ts":1771609220306,"action":"FILE_CLOSED","file":"/User_Lib/music.h","tags":{"FILE_LINE_OF_CODE":"122"}}
{"ts":1771609220306,"action":"FILE_OPENED","file":"/Core/Src/stm32f4xx_it.c","tags":{"FILE_LINE_OF_CODE":"411"}}
{"ts":1771609229011,"action":"FILE_CLOSED","file":"/Core/Src/stm32f4xx_it.c","tags":{"FILE_LINE_OF_CODE":"411"}}
{"ts":1771609229011,"action":"FILE_OPENED","file":"/Core/Src/bsp.c","tags":{"FILE_LINE_OF_CODE":"40"}}
{"ts":1771609231520,"action":"FILE_CLOSED","file":"/Core/Src/bsp.c","tags":{"FILE_LINE_OF_CODE":"40"}}
{"ts":1771609231520,"action":"FILE_OPENED","file":"/User_Lib/music.h","tags":{"FILE_LINE_OF_CODE":"122"}}
{"ts":1771609232833,"action":"FILE_CLOSED","file":"/User_Lib/music.h","tags":{"FILE_LINE_OF_CODE":"122"}}
{"ts":1771609232833,"action":"FILE_OPENED","file":"/Core/Inc/stm32f4xx_it.h","tags":{"FILE_LINE_OF_CODE":"80"}}
{"ts":1771609233768,"action":"FILE_CLOSED","file":"/Core/Inc/stm32f4xx_it.h","tags":{"FILE_LINE_OF_CODE":"80"}}
{"ts":1771609233768,"action":"FILE_OPENED","file":"/Core/Src/stm32f4xx_it.c","tags":{"FILE_LINE_OF_CODE":"411"}}
{"ts":1771609263531,"action":"IDE_DEACTIVATED"}
{"ts":1771609270351,"action":"IDE_ACTIVATED"}
{"ts":1771609291576,"action":"IDE_DEACTIVATED"}
{"ts":1771609340003,"action":"IDE_ACTIVATED"}
{"ts":1771609359144,"action":"IDE_DEACTIVATED"}
{"ts":1771609394140,"action":"IDE_ACTIVATED"}
{"ts":1771609461995,"action":"IDE_DEACTIVATED"}
{"ts":1771609571974,"action":"IDE_ACTIVATED"}
{"ts":1771609581385,"action":"IDE_DEACTIVATED"}
{"ts":1771609584388,"action":"IDE_ACTIVATED"}
{"ts":1771609588786,"action":"IDE_DEACTIVATED"}
{"ts":1771609740437,"action":"IDE_ACTIVATED"}
{"ts":1771609744769,"action":"FILE_CLOSED","file":"/Core/Src/stm32f4xx_it.c","tags":{"FILE_LINE_OF_CODE":"412"}}
{"ts":1771609744769,"action":"FILE_OPENED","file":"/Core/Src/bsp.c","tags":{"FILE_LINE_OF_CODE":"40"}}
{"ts":1771609745737,"action":"FILE_CLOSED","file":"/Core/Src/bsp.c","tags":{"FILE_LINE_OF_CODE":"40"}}
{"ts":1771609745737,"action":"FILE_OPENED","file":"/Core/Inc/bsp.h","tags":{"FILE_LINE_OF_CODE":"39"}}
{"ts":1771609747840,"action":"FILE_CLOSED","file":"/Core/Inc/bsp.h","tags":{"FILE_LINE_OF_CODE":"39"}}
{"ts":1771609747840,"action":"FILE_OPENED","file":"/User_Lib/music.h","tags":{"FILE_LINE_OF_CODE":"122"}}
{"ts":1771609754448,"action":"FILE_CLOSED","file":"/User_Lib/music.h","tags":{"FILE_LINE_OF_CODE":"122"}}
{"ts":1771609754448,"action":"FILE_OPENED","file":"/Core/Src/main.c","tags":{"FILE_LINE_OF_CODE":"717"}}
{"ts":1771609755081,"action":"FILE_CLOSED","file":"/Core/Src/main.c","tags":{"FILE_LINE_OF_CODE":"717"}}
{"ts":1771609755081,"action":"FILE_OPENED","file":"/Core/Inc/main.h","tags":{"FILE_LINE_OF_CODE":"88"}}
{"ts":1771609756660,"action":"FILE_CLOSED","file":"/Core/Inc/main.h","tags":{"FILE_LINE_OF_CODE":"88"}}
{"ts":1771609756660,"action":"FILE_OPENED","file":"/Core/Src/stm32f4xx_it.c","tags":{"FILE_LINE_OF_CODE":"412"}}
{"ts":1771609789154,"action":"FILE_CLOSED","file":"/Core/Src/stm32f4xx_it.c","tags":{"FILE_LINE_OF_CODE":"412"}}
{"ts":1771609789154,"action":"FILE_OPENED","file":"/Core/Src/bsp.c","tags":{"FILE_LINE_OF_CODE":"40"}}
{"ts":1771609791730,"action":"FILE_CLOSED","file":"/Core/Src/bsp.c","tags":{"FILE_LINE_OF_CODE":"40"}}
{"ts":1771609791730,"action":"FILE_OPENED","file":"/Core/Src/main.c","tags":{"FILE_LINE_OF_CODE":"717"}}
{"ts":1771609813697,"action":"FILE_CLOSED","file":"/Core/Src/main.c","tags":{"FILE_LINE_OF_CODE":"716"}}
{"ts":1771609813697,"action":"FILE_OPENED","file":"/Core/Inc/stm32f4xx_it.h","tags":{"FILE_LINE_OF_CODE":"80"}}
{"ts":1771609818975,"action":"FILE_CLOSED","file":"/Core/Inc/stm32f4xx_it.h","tags":{"FILE_LINE_OF_CODE":"80"}}
{"ts":1771609818975,"action":"FILE_OPENED","file":"/Core/Src/main.c","tags":{"FILE_LINE_OF_CODE":"716"}}
{"ts":1771609819550,"action":"FILE_CLOSED","file":"/Core/Src/main.c","tags":{"FILE_LINE_OF_CODE":"716"}}
{"ts":1771609819550,"action":"FILE_OPENED","file":"/Core/Src/stm32f4xx_it.c","tags":{"FILE_LINE_OF_CODE":"412"}}
{"ts":1771609956190,"action":"IDE_DEACTIVATED"}
{"ts":1771609970630,"action":"IDE_ACTIVATED"}
{"ts":1771610071111,"action":"FILE_CLOSED","file":"/Core/Src/stm32f4xx_it.c","tags":{"FILE_LINE_OF_CODE":"418"}}
{"ts":1771610071111,"action":"FILE_OPENED","file":"/User_Lib/music.h","tags":{"FILE_LINE_OF_CODE":"122"}}
{"ts":1771610150814,"action":"FILE_CLOSED","file":"/User_Lib/user_music.h","tags":{"FILE_LINE_OF_CODE":"124"}}
{"ts":1771610150814,"action":"FILE_OPENED","file":"/Core/Src/stm32f4xx_it.c","tags":{"FILE_LINE_OF_CODE":"418"}}
{"ts":1771610357224,"action":"IDE_DEACTIVATED"}
{"ts":1771610384068,"action":"IDE_ACTIVATED"}
{"ts":1771610384158,"action":"FILE_CLOSED","file":"/Core/Src/stm32f4xx_it.c","tags":{"FILE_LINE_OF_CODE":"418"}}
{"ts":1771610384158,"action":"FILE_OPENED","file":"/User_Lib/user_music.h","tags":{"FILE_LINE_OF_CODE":"124"}}
{"ts":1771610395808,"action":"IDE_DEACTIVATED"}
{"ts":1771610408398,"action":"IDE_ACTIVATED"}
{"ts":1771610434285,"action":"IDE_DEACTIVATED"}
{"ts":1771610434426,"action":"IDE_ACTIVATED"}
{"ts":1771610436501,"action":"IDE_DEACTIVATED"}
{"ts":1771610445407,"action":"IDE_ACTIVATED"}
{"ts":1771610469952,"action":"FILE_CLOSED","file":"/User_Lib/user_music.h","tags":{"FILE_LINE_OF_CODE":"126"}}
{"ts":1771610469952,"action":"FILE_OPENED","file":"/Core/Src/stm32f4xx_it.c","tags":{"FILE_LINE_OF_CODE":"418"}}
{"ts":1771610471331,"action":"FILE_CLOSED","file":"/Core/Src/stm32f4xx_it.c","tags":{"FILE_LINE_OF_CODE":"418"}}
{"ts":1771610471331,"action":"FILE_OPENED","file":"/User_Lib/user_music.h","tags":{"FILE_LINE_OF_CODE":"126"}}
{"ts":1771610474165,"action":"FILE_CLOSED","file":"/User_Lib/user_music.h","tags":{"FILE_LINE_OF_CODE":"126"}}
{"ts":1771610474165,"action":"FILE_OPENED","file":"/Core/Src/stm32f4xx_it.c","tags":{"FILE_LINE_OF_CODE":"418"}}
{"ts":1771610487744,"action":"FILE_CLOSED","file":"/Core/Src/stm32f4xx_it.c","tags":{"FILE_LINE_OF_CODE":"418"}}
{"ts":1771610487745,"action":"FILE_OPENED","file":"/Core/Src/bsp.c","tags":{"FILE_LINE_OF_CODE":"40"}}
{"ts":1771610491081,"action":"FILE_CLOSED","file":"/Core/Src/bsp.c","tags":{"FILE_LINE_OF_CODE":"40"}}
{"ts":1771610491081,"action":"FILE_OPENED","file":"/Core/Inc/bsp.h","tags":{"FILE_LINE_OF_CODE":"39"}}
{"ts":1771610498539,"action":"FILE_CLOSED","file":"/Core/Inc/bsp.h","tags":{"FILE_LINE_OF_CODE":"39"}}
{"ts":1771610498539,"action":"FILE_OPENED","file":"/Core/Src/bsp.c","tags":{"FILE_LINE_OF_CODE":"40"}}
{"ts":1771610500400,"action":"FILE_CLOSED","file":"/Core/Src/bsp.c","tags":{"FILE_LINE_OF_CODE":"40"}}
{"ts":1771610500400,"action":"FILE_OPENED","file":"/Core/Src/main.c","tags":{"FILE_LINE_OF_CODE":"716"}}
{"ts":1771610530005,"action":"FILE_CLOSED","file":"/Core/Src/main.c","tags":{"FILE_LINE_OF_CODE":"716"}}
{"ts":1771610530005,"action":"FILE_OPENED","file":"/Core/Src/stm32f4xx_it.c","tags":{"FILE_LINE_OF_CODE":"418"}}
{"ts":1771610532511,"action":"FILE_CLOSED","file":"/Core/Src/stm32f4xx_it.c","tags":{"FILE_LINE_OF_CODE":"418"}}
{"ts":1771610532511,"action":"FILE_OPENED","file":"/Core/Src/bsp.c","tags":{"FILE_LINE_OF_CODE":"40"}}
{"ts":1771610540384,"action":"FILE_CLOSED","file":"/Core/Src/bsp.c","tags":{"FILE_LINE_OF_CODE":"40"}}
{"ts":1771610540384,"action":"FILE_OPENED","file":"/Core/Inc/bsp.h","tags":{"FILE_LINE_OF_CODE":"39"}}
{"ts":1771610541382,"action":"FILE_CLOSED","file":"/Core/Inc/bsp.h","tags":{"FILE_LINE_OF_CODE":"39"}}
{"ts":1771610541382,"action":"FILE_OPENED","file":"/Core/Src/bsp.c","tags":{"FILE_LINE_OF_CODE":"40"}}
{"ts":1771610543702,"action":"FILE_CLOSED","file":"/Core/Src/bsp.c","tags":{"FILE_LINE_OF_CODE":"40"}}
{"ts":1771610543702,"action":"FILE_OPENED","file":"/User_Lib/user_music.h","tags":{"FILE_LINE_OF_CODE":"126"}}
{"ts":1771610559485,"action":"FILE_CLOSED","file":"/User_Lib/user_music.h","tags":{"FILE_LINE_OF_CODE":"126"}}
{"ts":1771610559485,"action":"FILE_OPENED","file":"/Core/Src/main.c","tags":{"FILE_LINE_OF_CODE":"716"}}
{"ts":1771610687241,"action":"FILE_CLOSED","file":"/Core/Src/main.c","tags":{"FILE_LINE_OF_CODE":"716"}}
{"ts":1771610687241,"action":"FILE_OPENED","file":"/Core/Src/stm32f4xx_it.c","tags":{"FILE_LINE_OF_CODE":"418"}}
{"ts":1771610749225,"action":"IDE_DEACTIVATED"}
{"ts":1771610779512,"action":"IDE_ACTIVATED"}
{"ts":1771610785358,"action":"IDE_DEACTIVATED"}
{"ts":1771610920025,"action":"IDE_ACTIVATED"}
{"ts":1771610938935,"action":"IDE_DEACTIVATED"}
{"ts":1771610950102,"action":"IDE_ACTIVATED"}
{"ts":1771610988614,"action":"FILE_CLOSED","file":"/Core/Src/stm32f4xx_it.c","tags":{"FILE_LINE_OF_CODE":"418"}}
{"ts":1771611044352,"action":"FILE_OPENED","file":"/Core/Inc/main.h","tags":{"FILE_LINE_OF_CODE":"88"}}
{"ts":1771611046706,"action":"FILE_CLOSED","file":"/Core/Inc/main.h","tags":{"FILE_LINE_OF_CODE":"88"}}
